16:31:16,824 INFO  [AbstractJBossASServerBase] Server Configuration:

	JBOSS_HOME URL: file:/home/java01/Desktop/jboss/
	Bootstrap: $JBOSS_HOME/server/default/conf/bootstrap.xml
	Common Base: $JBOSS_HOME/common/
	Common Library: $JBOSS_HOME/common/lib/
	Server Name: default
	Server Base: $JBOSS_HOME/server/
	Server Library: $JBOSS_HOME/server/default/lib/
	Server Config: $JBOSS_HOME/server/default/conf/
	Server Home: $JBOSS_HOME/server/default/
	Server Data: $JBOSS_HOME/server/default/data/
	Server Log: $JBOSS_HOME/server/default/log/
	Server Temp: $JBOSS_HOME/server/default/tmp/

16:31:16,830 INFO  [AbstractServer] Starting: JBossAS [6.1.0.Final "Neo"]
16:31:18,384 INFO  [ServerInfo] Java version: 1.8.0_25,Oracle Corporation
16:31:18,385 INFO  [ServerInfo] Java Runtime: Java(TM) SE Runtime Environment (build 1.8.0_25-b17)
16:31:18,385 INFO  [ServerInfo] Java VM: Java HotSpot(TM) Server VM 25.25-b02,Oracle Corporation
16:31:18,385 INFO  [ServerInfo] OS-System: Linux 3.2.0-23-generic-pae,i386
16:31:18,386 INFO  [ServerInfo] VM arguments: -Xms128m -Xmx512m -XX:MaxPermSize=256m -Dorg.jboss.resolver.warning=true -Dsun.rmi.dgc.client.gcInterval=3600000 -Dsun.rmi.dgc.server.gcInterval=3600000 -Djava.net.preferIPv4Stack=true -Dprogram.name=run.sh -Dlogging.configuration=file:./logging.properties -Djava.library.path=/home/java01/Desktop/jboss/bin/native/lib -Djava.endorsed.dirs=/home/java01/Desktop/jboss/lib/endorsed 
16:31:18,386 DEBUG [ServerInfo] Full System Properties Dump
16:31:18,386 DEBUG [ServerInfo]     awt.toolkit: sun.awt.X11.XToolkit
16:31:18,386 DEBUG [ServerInfo]     file.encoding: UTF-8
16:31:18,386 DEBUG [ServerInfo]     file.encoding.pkg: sun.io
16:31:18,387 DEBUG [ServerInfo]     file.separator: /
16:31:18,387 DEBUG [ServerInfo]     java.awt.graphicsenv: sun.awt.X11GraphicsEnvironment
16:31:18,387 DEBUG [ServerInfo]     java.awt.printerjob: sun.print.PSPrinterJob
16:31:18,387 DEBUG [ServerInfo]     java.class.path: /home/java01/Desktop/jboss/bin/run.jar
16:31:18,387 DEBUG [ServerInfo]     java.class.version: 52.0
16:31:18,387 DEBUG [ServerInfo]     java.endorsed.dirs: /home/java01/Desktop/jboss/lib/endorsed
16:31:18,387 DEBUG [ServerInfo]     java.ext.dirs: /opt/jdk1.8_java/jre/lib/ext:/usr/java/packages/lib/ext
16:31:18,387 DEBUG [ServerInfo]     java.home: /opt/jdk1.8_java/jre
16:31:18,387 DEBUG [ServerInfo]     java.io.tmpdir: /tmp
16:31:18,388 DEBUG [ServerInfo]     java.library.path: /home/java01/Desktop/jboss/bin/native/lib
16:31:18,388 DEBUG [ServerInfo]     java.net.preferIPv4Stack: true
16:31:18,388 DEBUG [ServerInfo]     java.protocol.handler.pkgs: org.jboss.net.protocol|org.jboss.vfs.protocol
16:31:18,388 DEBUG [ServerInfo]     java.rmi.server.RMIClassLoaderSpi: org.jboss.system.JBossRMIClassLoader
16:31:18,388 DEBUG [ServerInfo]     java.rmi.server.hostname: 127.0.0.1
16:31:18,388 DEBUG [ServerInfo]     java.runtime.name: Java(TM) SE Runtime Environment
16:31:18,388 DEBUG [ServerInfo]     java.runtime.version: 1.8.0_25-b17
16:31:18,388 DEBUG [ServerInfo]     java.specification.name: Java Platform API Specification
16:31:18,388 DEBUG [ServerInfo]     java.specification.vendor: Oracle Corporation
16:31:18,388 DEBUG [ServerInfo]     java.specification.version: 1.8
16:31:18,389 DEBUG [ServerInfo]     java.util.logging.manager: org.jboss.logmanager.LogManager
16:31:18,389 DEBUG [ServerInfo]     java.vendor: Oracle Corporation
16:31:18,389 DEBUG [ServerInfo]     java.vendor.url: http://java.oracle.com/
16:31:18,389 DEBUG [ServerInfo]     java.vendor.url.bug: http://bugreport.sun.com/bugreport/
16:31:18,389 DEBUG [ServerInfo]     java.version: 1.8.0_25
16:31:18,389 DEBUG [ServerInfo]     java.vm.info: mixed mode
16:31:18,389 DEBUG [ServerInfo]     java.vm.name: Java HotSpot(TM) Server VM
16:31:18,389 DEBUG [ServerInfo]     java.vm.specification.name: Java Virtual Machine Specification
16:31:18,389 DEBUG [ServerInfo]     java.vm.specification.vendor: Oracle Corporation
16:31:18,390 DEBUG [ServerInfo]     java.vm.specification.version: 1.8
16:31:18,390 DEBUG [ServerInfo]     java.vm.vendor: Oracle Corporation
16:31:18,390 DEBUG [ServerInfo]     java.vm.version: 25.25-b02
16:31:18,390 DEBUG [ServerInfo]     javax.management.builder.initial: org.jboss.mx.server.MBeanServerBuilderImpl
16:31:18,390 DEBUG [ServerInfo]     jboss.bind.address: 127.0.0.1
16:31:18,390 DEBUG [ServerInfo]     jboss.boot.server.log.dir: /home/java01/Desktop/jboss/server/default/log
16:31:18,390 DEBUG [ServerInfo]     jboss.bootstrap.home.url: file:/home/java01/Desktop/jboss/server/default/conf/
16:31:18,390 DEBUG [ServerInfo]     jboss.bootstrap.name: bootstrap.xml
16:31:18,390 DEBUG [ServerInfo]     jboss.bootstrap.url: file:/home/java01/Desktop/jboss/server/default/conf/bootstrap.xml
16:31:18,391 DEBUG [ServerInfo]     jboss.common.base.url: file:/home/java01/Desktop/jboss/common/
16:31:18,391 DEBUG [ServerInfo]     jboss.common.lib.url: file:/home/java01/Desktop/jboss/common/lib/
16:31:18,391 DEBUG [ServerInfo]     jboss.home: /home/java01/Desktop/jboss
16:31:18,391 DEBUG [ServerInfo]     jboss.home.dir: /home/java01/Desktop/jboss
16:31:18,391 DEBUG [ServerInfo]     jboss.home.url: file:/home/java01/Desktop/jboss/
16:31:18,391 DEBUG [ServerInfo]     jboss.host.name: trn2
16:31:18,391 DEBUG [ServerInfo]     jboss.lib.url: file:/home/java01/Desktop/jboss/lib/
16:31:18,391 DEBUG [ServerInfo]     jboss.native.dir: /home/java01/Desktop/jboss/server/default/tmp/native
16:31:18,391 DEBUG [ServerInfo]     jboss.native.load: false
16:31:18,391 DEBUG [ServerInfo]     jboss.node.name: trn2
16:31:18,392 DEBUG [ServerInfo]     jboss.partition.name: DefaultPartition
16:31:18,392 DEBUG [ServerInfo]     jboss.platform.mbeanserver: true
16:31:18,392 DEBUG [ServerInfo]     jboss.qualified.host.name: trn2
16:31:18,392 DEBUG [ServerInfo]     jboss.server.base.dir: /home/java01/Desktop/jboss/server
16:31:18,392 DEBUG [ServerInfo]     jboss.server.base.url: file:/home/java01/Desktop/jboss/server/
16:31:18,392 DEBUG [ServerInfo]     jboss.server.config.url: file:/home/java01/Desktop/jboss/server/default/conf/
16:31:18,392 DEBUG [ServerInfo]     jboss.server.data.dir: /home/java01/Desktop/jboss/server/default/data
16:31:18,392 DEBUG [ServerInfo]     jboss.server.home.dir: /home/java01/Desktop/jboss/server/default
16:31:18,392 DEBUG [ServerInfo]     jboss.server.home.url: file:/home/java01/Desktop/jboss/server/default/
16:31:18,393 DEBUG [ServerInfo]     jboss.server.lib.url: file:/home/java01/Desktop/jboss/server/default/lib/
16:31:18,393 DEBUG [ServerInfo]     jboss.server.log.dir: /home/java01/Desktop/jboss/server/default/log
16:31:18,393 DEBUG [ServerInfo]     jboss.server.name: default
16:31:18,393 DEBUG [ServerInfo]     jboss.server.temp.dir: /home/java01/Desktop/jboss/server/default/tmp
16:31:18,393 DEBUG [ServerInfo]     jboss.vfs.forceCopy: true
16:31:18,393 DEBUG [ServerInfo]     jbossmx.loader.repository.class: org.jboss.mx.loading.UnifiedLoaderRepository3
16:31:18,393 DEBUG [ServerInfo]     jgroups.bind_addr: 127.0.0.1
16:31:18,393 DEBUG [ServerInfo]     line.separator: 

16:31:18,393 DEBUG [ServerInfo]     log4j.defaultInitOverride: true
16:31:18,394 DEBUG [ServerInfo]     logging.configuration: file:./logging.properties
16:31:18,394 DEBUG [ServerInfo]     org.jboss.deployers.spi.deployer.matchers.NameIgnoreMechanism: org.jboss.deployers.spi.deployer.helpers.DummyNameIgnoreMechanism
16:31:18,394 DEBUG [ServerInfo]     org.jboss.logging.Logger.pluginClass: org.jboss.logging.logmanager.LoggerPluginImpl
16:31:18,394 DEBUG [ServerInfo]     org.jboss.reflect.spi.TypeInfoFactory: org.jboss.reflect.plugins.introspection.IntrospectionTypeInfoFactory
16:31:18,394 DEBUG [ServerInfo]     org.jboss.resolver.warning: true
16:31:18,394 DEBUG [ServerInfo]     os.arch: i386
16:31:18,394 DEBUG [ServerInfo]     os.name: Linux
16:31:18,394 DEBUG [ServerInfo]     os.version: 3.2.0-23-generic-pae
16:31:18,394 DEBUG [ServerInfo]     path.separator: :
16:31:18,394 DEBUG [ServerInfo]     program.name: run.sh
16:31:18,395 DEBUG [ServerInfo]     sun.arch.data.model: 32
16:31:18,395 DEBUG [ServerInfo]     sun.boot.class.path: /home/java01/Desktop/jboss/lib/endorsed/jboss-jaxb-api_2.2_spec.jar:/home/java01/Desktop/jboss/lib/endorsed/jboss-annotations-api_1.1_spec.jar:/home/java01/Desktop/jboss/lib/endorsed/activation.jar:/home/java01/Desktop/jboss/lib/endorsed/jbossws-cxf-factories.jar:/home/java01/Desktop/jboss/lib/endorsed/jboss-jaxws-api_2.2_spec.jar:/home/java01/Desktop/jboss/lib/endorsed/stax-api.jar:/opt/jdk1.8_java/jre/lib/resources.jar:/opt/jdk1.8_java/jre/lib/rt.jar:/opt/jdk1.8_java/jre/lib/sunrsasign.jar:/opt/jdk1.8_java/jre/lib/jsse.jar:/opt/jdk1.8_java/jre/lib/jce.jar:/opt/jdk1.8_java/jre/lib/charsets.jar:/opt/jdk1.8_java/jre/lib/jfr.jar:/opt/jdk1.8_java/jre/classes
16:31:18,397 DEBUG [ServerInfo]     sun.boot.library.path: /opt/jdk1.8_java/jre/lib/i386
16:31:18,397 DEBUG [ServerInfo]     sun.cpu.endian: little
16:31:18,397 DEBUG [ServerInfo]     sun.cpu.isalist: 
16:31:18,397 DEBUG [ServerInfo]     sun.desktop: gnome
16:31:18,397 DEBUG [ServerInfo]     sun.io.unicode.encoding: UnicodeLittle
16:31:18,397 DEBUG [ServerInfo]     sun.java.command: org.jboss.Main
16:31:18,397 DEBUG [ServerInfo]     sun.java.launcher: SUN_STANDARD
16:31:18,398 DEBUG [ServerInfo]     sun.jnu.encoding: UTF-8
16:31:18,398 DEBUG [ServerInfo]     sun.management.compiler: HotSpot Tiered Compilers
16:31:18,398 DEBUG [ServerInfo]     sun.os.patch.level: unknown
16:31:18,399 DEBUG [ServerInfo]     sun.rmi.dgc.client.gcInterval: 3600000
16:31:18,399 DEBUG [ServerInfo]     sun.rmi.dgc.server.gcInterval: 3600000
16:31:18,399 DEBUG [ServerInfo]     user.country: BR
16:31:18,399 DEBUG [ServerInfo]     user.dir: /home/java01/Desktop/jboss/bin
16:31:18,399 DEBUG [ServerInfo]     user.home: /home/java01
16:31:18,399 DEBUG [ServerInfo]     user.language: pt
16:31:18,399 DEBUG [ServerInfo]     user.name: java01
16:31:18,399 DEBUG [ServerInfo]     user.timezone: America/Sao_Paulo
16:31:18,407 DEBUG [ServerInfo]     xb.builder.repeatableParticleHandlers: false
16:31:18,408 DEBUG [ServerInfo]     xb.builder.useUnorderedSequence: true
16:31:18,441 INFO  [JMXKernel] Legacy JMX core initialized
16:31:23,397 INFO  [AbstractServerConfig] JBoss Web Services - Stack CXF Server 3.4.1.GA
16:31:23,420 WARN  [AbstractKernelController] Broken callback: ClassSingleCallbackItem@872349{name=interface org.jboss.wsf.spi.metadata.DescriptorProcessor whenRequired=ControllerState@131d288{Installed} dependentState=ControllerState@131d288{Installed} attributeName=setProcessor owner=AbstractKernelControllerContext@11fd25b{ metadata=AbstractBeanMetaData@b08578{name=WSDescriptorDeployer bean=org.jboss.webservices.integration.deployers.WSDescriptorDeployer properties= classLoader=BeanMetaDataDeployer$DeploymentClassLoaderMetaData@d96f11{classloader=null} constructor=null autowireCandidate=true installCallbacks=[method=setProcessor, method=setParser]}name=WSDescriptorDeployer target=org.jboss.webservices.integration.deployers.WSDescriptorDeployer@127751b state=Installed depends=AbstractDependencyInfo@1a9346a{}} signature=org.jboss.wsf.spi.metadata.DescriptorProcessor}: java.lang.ClassCastException: org.jboss.wsf.stack.cxf.deployment.jms.JMSDescriptorProcessorImpl cannot be cast to org.jboss.wsf.spi.metadata.webservices.WebservicesDescriptorProcessor
	at org.jboss.webservices.integration.deployers.WSDescriptorDeployer.setProcessor(WSDescriptorDeployer.java:33) [:6.1.0.Final]
	at sun.reflect.NativeMethodAccessorImpl.invoke0(Native Method) [:1.8.0_25]
	at sun.reflect.NativeMethodAccessorImpl.invoke(NativeMethodAccessorImpl.java:62) [:1.8.0_25]
	at sun.reflect.DelegatingMethodAccessorImpl.invoke(DelegatingMethodAccessorImpl.java:43) [:1.8.0_25]
	at java.lang.reflect.Method.invoke(Method.java:483) [:1.8.0_25]
	at org.jboss.reflect.plugins.introspection.ReflectionUtils.invoke(ReflectionUtils.java:60) [jboss-reflect.jar:2.2.1.SP1]
	at org.jboss.reflect.plugins.introspection.ReflectMethodInfoImpl.invoke(ReflectMethodInfoImpl.java:168) [jboss-reflect.jar:2.2.1.SP1]
	at org.jboss.joinpoint.plugins.BasicMethodJoinPoint.dispatch(BasicMethodJoinPoint.java:66) [jboss-reflect.jar:2.2.1.SP1]
	at org.jboss.beans.info.plugins.AbstractBeanInfo.invoke(AbstractBeanInfo.java:300) [jboss-reflect.jar:2.2.1.SP1]
	at org.jboss.kernel.plugins.dependency.AbstractKernelControllerContext.invoke(AbstractKernelControllerContext.java:305) [jboss-kernel.jar:2.2.0.SP2]
	at org.jboss.kernel.plugins.dependency.ClassSingleCallbackItem.ownerCallback(ClassSingleCallbackItem.java:78) [jboss-kernel.jar:2.2.0.SP2]
	at org.jboss.dependency.plugins.AbstractController.resolveCallbacks(AbstractController.java:1887) [jboss-dependency.jar:2.2.0.SP2]
	at org.jboss.dependency.plugins.AbstractController.resolveCallbacks(AbstractController.java:1937) [jboss-dependency.jar:2.2.0.SP2]
	at org.jboss.dependency.plugins.AbstractController.incrementState(AbstractController.java:1092) [jboss-dependency.jar:2.2.0.SP2]
	at org.jboss.dependency.plugins.AbstractController.executeOrIncrementStateDirectly(AbstractController.java:1322) [jboss-dependency.jar:2.2.0.SP2]
	at org.jboss.dependency.plugins.AbstractController.resolveContexts(AbstractController.java:1246) [jboss-dependency.jar:2.2.0.SP2]
	at org.jboss.dependency.plugins.AbstractController.resolveContexts(AbstractController.java:1139) [jboss-dependency.jar:2.2.0.SP2]
	at org.jboss.dependency.plugins.AbstractController.install(AbstractController.java:894) [jboss-dependency.jar:2.2.0.SP2]
	at org.jboss.dependency.plugins.AbstractController.install(AbstractController.java:641) [jboss-dependency.jar:2.2.0.SP2]
	at org.jboss.deployers.vfs.deployer.kernel.BeanMetaDataDeployer.deploy(BeanMetaDataDeployer.java:182) [:2.2.2.GA]
	at org.jboss.deployers.vfs.deployer.kernel.BeanMetaDataDeployer.deploy(BeanMetaDataDeployer.java:58) [:2.2.2.GA]
	at org.jboss.deployers.spi.deployer.helpers.AbstractSimpleRealDeployer.internalDeploy(AbstractSimpleRealDeployer.java:63) [:2.2.2.GA]
	at org.jboss.deployers.spi.deployer.helpers.AbstractRealDeployer.deploy(AbstractRealDeployer.java:55) [:2.2.2.GA]
	at org.jboss.deployers.plugins.deployers.DeployerWrapper.deploy(DeployerWrapper.java:179) [:2.2.2.GA]
	at org.jboss.deployers.plugins.deployers.DeployersImpl.doDeploy(DeployersImpl.java:1832) [:2.2.2.GA]
	at org.jboss.deployers.plugins.deployers.DeployersImpl.doInstallParentFirst(DeployersImpl.java:1550) [:2.2.2.GA]
	at org.jboss.deployers.plugins.deployers.DeployersImpl.doInstallParentFirst(DeployersImpl.java:1571) [:2.2.2.GA]
	at org.jboss.deployers.plugins.deployers.DeployersImpl.install(DeployersImpl.java:1491) [:2.2.2.GA]
	at org.jboss.dependency.plugins.AbstractControllerContext.install(AbstractControllerContext.java:379) [jboss-dependency.jar:2.2.0.SP2]
	at org.jboss.dependency.plugins.AbstractController.install(AbstractController.java:2044) [jboss-dependency.jar:2.2.0.SP2]
	at org.jboss.dependency.plugins.AbstractController.incrementState(AbstractController.java:1083) [jboss-dependency.jar:2.2.0.SP2]
	at org.jboss.dependency.plugins.AbstractController.executeOrIncrementStateDirectly(AbstractController.java:1322) [jboss-dependency.jar:2.2.0.SP2]
	at org.jboss.dependency.plugins.AbstractController.resolveContexts(AbstractController.java:1246) [jboss-dependency.jar:2.2.0.SP2]
	at org.jboss.dependency.plugins.AbstractController.resolveContexts(AbstractController.java:1139) [jboss-dependency.jar:2.2.0.SP2]
	at org.jboss.dependency.plugins.AbstractController.change(AbstractController.java:939) [jboss-dependency.jar:2.2.0.SP2]
	at org.jboss.dependency.plugins.AbstractController.change(AbstractController.java:654) [jboss-dependency.jar:2.2.0.SP2]
	at org.jboss.deployers.plugins.deployers.DeployersImpl.change(DeployersImpl.java:1983) [:2.2.2.GA]
	at org.jboss.deployers.plugins.deployers.DeployersImpl.process(DeployersImpl.java:1076) [:2.2.2.GA]
	at org.jboss.deployers.plugins.main.MainDeployerImpl.process(MainDeployerImpl.java:679) [:2.2.2.GA]
	at org.jboss.system.server.profileservice.deployers.MainDeployerPlugin.process(MainDeployerPlugin.java:106) [:6.1.0.Final]
	at org.jboss.profileservice.dependency.ProfileControllerContext$DelegateDeployer.process(ProfileControllerContext.java:143) [:0.2.2]
	at org.jboss.profileservice.dependency.ProfileDeployAction.deploy(ProfileDeployAction.java:151) [:0.2.2]
	at org.jboss.profileservice.dependency.ProfileDeployAction.installActionInternal(ProfileDeployAction.java:94) [:0.2.2]
	at org.jboss.kernel.plugins.dependency.InstallsAwareAction.installAction(InstallsAwareAction.java:54) [jboss-kernel.jar:2.2.0.SP2]
	at org.jboss.kernel.plugins.dependency.InstallsAwareAction.installAction(InstallsAwareAction.java:42) [jboss-kernel.jar:2.2.0.SP2]
	at org.jboss.dependency.plugins.action.SimpleControllerContextAction.simpleInstallAction(SimpleControllerContextAction.java:62) [jboss-dependency.jar:2.2.0.SP2]
	at org.jboss.dependency.plugins.action.AccessControllerContextAction.install(AccessControllerContextAction.java:71) [jboss-dependency.jar:2.2.0.SP2]
	at org.jboss.dependency.plugins.AbstractControllerContextActions.install(AbstractControllerContextActions.java:51) [jboss-dependency.jar:2.2.0.SP2]
	at org.jboss.dependency.plugins.AbstractControllerContext.install(AbstractControllerContext.java:379) [jboss-dependency.jar:2.2.0.SP2]
	at org.jboss.dependency.plugins.AbstractController.install(AbstractController.java:2044) [jboss-dependency.jar:2.2.0.SP2]
	at org.jboss.dependency.plugins.AbstractController.incrementState(AbstractController.java:1083) [jboss-dependency.jar:2.2.0.SP2]
	at org.jboss.dependency.plugins.AbstractController.executeOrIncrementStateDirectly(AbstractController.java:1322) [jboss-dependency.jar:2.2.0.SP2]
	at org.jboss.dependency.plugins.AbstractController.resolveContexts(AbstractController.java:1246) [jboss-dependency.jar:2.2.0.SP2]
	at org.jboss.dependency.plugins.AbstractController.resolveContexts(AbstractController.java:1139) [jboss-dependency.jar:2.2.0.SP2]
	at org.jboss.dependency.plugins.AbstractController.change(AbstractController.java:939) [jboss-dependency.jar:2.2.0.SP2]
	at org.jboss.dependency.plugins.AbstractController.change(AbstractController.java:654) [jboss-dependency.jar:2.2.0.SP2]
	at org.jboss.profileservice.dependency.ProfileActivationWrapper$BasicProfileActivation.start(ProfileActivationWrapper.java:190) [:0.2.2]
	at org.jboss.profileservice.dependency.ProfileActivationWrapper.start(ProfileActivationWrapper.java:87) [:0.2.2]
	at org.jboss.profileservice.dependency.ProfileActivationService.activateProfile(ProfileActivationService.java:215) [:0.2.2]
	at org.jboss.profileservice.dependency.ProfileActivationService.activate(ProfileActivationService.java:159) [:0.2.2]
	at org.jboss.profileservice.bootstrap.AbstractProfileServiceBootstrap.activate(AbstractProfileServiceBootstrap.java:112) [:0.2.2]
	at org.jboss.profileservice.resolver.BasicResolverFactory$ProfileResolverFacade.deploy(BasicResolverFactory.java:87) [:0.2.2]
	at org.jboss.profileservice.bootstrap.AbstractProfileServiceBootstrap.start(AbstractProfileServiceBootstrap.java:91) [:0.2.2]
	at org.jboss.system.server.profileservice.bootstrap.BasicProfileServiceBootstrap.start(BasicProfileServiceBootstrap.java:132) [:6.1.0.Final]
	at org.jboss.system.server.profileservice.bootstrap.BasicProfileServiceBootstrap.start(BasicProfileServiceBootstrap.java:56) [:6.1.0.Final]
	at org.jboss.bootstrap.impl.base.server.AbstractServer.startBootstraps(AbstractServer.java:827) [jboss-bootstrap-impl-base.jar:2.1.0-alpha-6]
	at org.jboss.bootstrap.impl.base.server.AbstractServer$StartServerTask.run(AbstractServer.java:417) [jboss-bootstrap-impl-base.jar:2.1.0-alpha-6]
	at java.lang.Thread.run(Thread.java:745) [:1.8.0_25]

16:31:23,445 WARN  [AbstractKernelController] Broken callback: ClassSingleCallbackItem@1f8b54d{name=interface org.jboss.wsf.spi.metadata.DescriptorProcessor whenRequired=ControllerState@131d288{Installed} dependentState=ControllerState@131d288{Installed} attributeName=setProcessor owner=AbstractKernelControllerContext@3f49b4{ metadata=AbstractBeanMetaData@4755a6{name=JMSDescriptorDeployer bean=org.jboss.webservices.integration.deployers.JMSDescriptorDeployer properties= classLoader=BeanMetaDataDeployer$DeploymentClassLoaderMetaData@712c34{classloader=null} constructor=null autowireCandidate=true installCallbacks=[method=setProcessor, method=setParser]}name=JMSDescriptorDeployer target=org.jboss.webservices.integration.deployers.JMSDescriptorDeployer@16231e6 state=Installed depends=AbstractDependencyInfo@e9d13e{}} signature=org.jboss.wsf.spi.metadata.DescriptorProcessor}: java.lang.ClassCastException: org.jboss.wsf.framework.deployment.jms.WebservicesDescriptorProcessorImpl cannot be cast to org.jboss.wsf.spi.metadata.jms.JMSDescriptorProcessor
	at org.jboss.webservices.integration.deployers.JMSDescriptorDeployer.setProcessor(JMSDescriptorDeployer.java:33) [:6.1.0.Final]
	at sun.reflect.NativeMethodAccessorImpl.invoke0(Native Method) [:1.8.0_25]
	at sun.reflect.NativeMethodAccessorImpl.invoke(NativeMethodAccessorImpl.java:62) [:1.8.0_25]
	at sun.reflect.DelegatingMethodAccessorImpl.invoke(DelegatingMethodAccessorImpl.java:43) [:1.8.0_25]
	at java.lang.reflect.Method.invoke(Method.java:483) [:1.8.0_25]
	at org.jboss.reflect.plugins.introspection.ReflectionUtils.invoke(ReflectionUtils.java:60) [jboss-reflect.jar:2.2.1.SP1]
	at org.jboss.reflect.plugins.introspection.ReflectMethodInfoImpl.invoke(ReflectMethodInfoImpl.java:168) [jboss-reflect.jar:2.2.1.SP1]
	at org.jboss.joinpoint.plugins.BasicMethodJoinPoint.dispatch(BasicMethodJoinPoint.java:66) [jboss-reflect.jar:2.2.1.SP1]
	at org.jboss.beans.info.plugins.AbstractBeanInfo.invoke(AbstractBeanInfo.java:300) [jboss-reflect.jar:2.2.1.SP1]
	at org.jboss.kernel.plugins.dependency.AbstractKernelControllerContext.invoke(AbstractKernelControllerContext.java:305) [jboss-kernel.jar:2.2.0.SP2]
	at org.jboss.kernel.plugins.dependency.ClassSingleCallbackItem.ownerCallback(ClassSingleCallbackItem.java:78) [jboss-kernel.jar:2.2.0.SP2]
	at org.jboss.dependency.plugins.AbstractController.resolveCallbacks(AbstractController.java:1887) [jboss-dependency.jar:2.2.0.SP2]
	at org.jboss.dependency.plugins.AbstractController.resolveCallbacks(AbstractController.java:1937) [jboss-dependency.jar:2.2.0.SP2]
	at org.jboss.dependency.plugins.AbstractController.incrementState(AbstractController.java:1092) [jboss-dependency.jar:2.2.0.SP2]
	at org.jboss.dependency.plugins.AbstractController.executeOrIncrementStateDirectly(AbstractController.java:1322) [jboss-dependency.jar:2.2.0.SP2]
	at org.jboss.dependency.plugins.AbstractController.resolveContexts(AbstractController.java:1246) [jboss-dependency.jar:2.2.0.SP2]
	at org.jboss.dependency.plugins.AbstractController.resolveContexts(AbstractController.java:1139) [jboss-dependency.jar:2.2.0.SP2]
	at org.jboss.dependency.plugins.AbstractController.install(AbstractController.java:894) [jboss-dependency.jar:2.2.0.SP2]
	at org.jboss.dependency.plugins.AbstractController.install(AbstractController.java:641) [jboss-dependency.jar:2.2.0.SP2]
	at org.jboss.deployers.vfs.deployer.kernel.BeanMetaDataDeployer.deploy(BeanMetaDataDeployer.java:182) [:2.2.2.GA]
	at org.jboss.deployers.vfs.deployer.kernel.BeanMetaDataDeployer.deploy(BeanMetaDataDeployer.java:58) [:2.2.2.GA]
	at org.jboss.deployers.spi.deployer.helpers.AbstractSimpleRealDeployer.internalDeploy(AbstractSimpleRealDeployer.java:63) [:2.2.2.GA]
	at org.jboss.deployers.spi.deployer.helpers.AbstractRealDeployer.deploy(AbstractRealDeployer.java:55) [:2.2.2.GA]
	at org.jboss.deployers.plugins.deployers.DeployerWrapper.deploy(DeployerWrapper.java:179) [:2.2.2.GA]
	at org.jboss.deployers.plugins.deployers.DeployersImpl.doDeploy(DeployersImpl.java:1832) [:2.2.2.GA]
	at org.jboss.deployers.plugins.deployers.DeployersImpl.doInstallParentFirst(DeployersImpl.java:1550) [:2.2.2.GA]
	at org.jboss.deployers.plugins.deployers.DeployersImpl.doInstallParentFirst(DeployersImpl.java:1571) [:2.2.2.GA]
	at org.jboss.deployers.plugins.deployers.DeployersImpl.install(DeployersImpl.java:1491) [:2.2.2.GA]
	at org.jboss.dependency.plugins.AbstractControllerContext.install(AbstractControllerContext.java:379) [jboss-dependency.jar:2.2.0.SP2]
	at org.jboss.dependency.plugins.AbstractController.install(AbstractController.java:2044) [jboss-dependency.jar:2.2.0.SP2]
	at org.jboss.dependency.plugins.AbstractController.incrementState(AbstractController.java:1083) [jboss-dependency.jar:2.2.0.SP2]
	at org.jboss.dependency.plugins.AbstractController.executeOrIncrementStateDirectly(AbstractController.java:1322) [jboss-dependency.jar:2.2.0.SP2]
	at org.jboss.dependency.plugins.AbstractController.resolveContexts(AbstractController.java:1246) [jboss-dependency.jar:2.2.0.SP2]
	at org.jboss.dependency.plugins.AbstractController.resolveContexts(AbstractController.java:1139) [jboss-dependency.jar:2.2.0.SP2]
	at org.jboss.dependency.plugins.AbstractController.change(AbstractController.java:939) [jboss-dependency.jar:2.2.0.SP2]
	at org.jboss.dependency.plugins.AbstractController.change(AbstractController.java:654) [jboss-dependency.jar:2.2.0.SP2]
	at org.jboss.deployers.plugins.deployers.DeployersImpl.change(DeployersImpl.java:1983) [:2.2.2.GA]
	at org.jboss.deployers.plugins.deployers.DeployersImpl.process(DeployersImpl.java:1076) [:2.2.2.GA]
	at org.jboss.deployers.plugins.main.MainDeployerImpl.process(MainDeployerImpl.java:679) [:2.2.2.GA]
	at org.jboss.system.server.profileservice.deployers.MainDeployerPlugin.process(MainDeployerPlugin.java:106) [:6.1.0.Final]
	at org.jboss.profileservice.dependency.ProfileControllerContext$DelegateDeployer.process(ProfileControllerContext.java:143) [:0.2.2]
	at org.jboss.profileservice.dependency.ProfileDeployAction.deploy(ProfileDeployAction.java:151) [:0.2.2]
	at org.jboss.profileservice.dependency.ProfileDeployAction.installActionInternal(ProfileDeployAction.java:94) [:0.2.2]
	at org.jboss.kernel.plugins.dependency.InstallsAwareAction.installAction(InstallsAwareAction.java:54) [jboss-kernel.jar:2.2.0.SP2]
	at org.jboss.kernel.plugins.dependency.InstallsAwareAction.installAction(InstallsAwareAction.java:42) [jboss-kernel.jar:2.2.0.SP2]
	at org.jboss.dependency.plugins.action.SimpleControllerContextAction.simpleInstallAction(SimpleControllerContextAction.java:62) [jboss-dependency.jar:2.2.0.SP2]
	at org.jboss.dependency.plugins.action.AccessControllerContextAction.install(AccessControllerContextAction.java:71) [jboss-dependency.jar:2.2.0.SP2]
	at org.jboss.dependency.plugins.AbstractControllerContextActions.install(AbstractControllerContextActions.java:51) [jboss-dependency.jar:2.2.0.SP2]
	at org.jboss.dependency.plugins.AbstractControllerContext.install(AbstractControllerContext.java:379) [jboss-dependency.jar:2.2.0.SP2]
	at org.jboss.dependency.plugins.AbstractController.install(AbstractController.java:2044) [jboss-dependency.jar:2.2.0.SP2]
	at org.jboss.dependency.plugins.AbstractController.incrementState(AbstractController.java:1083) [jboss-dependency.jar:2.2.0.SP2]
	at org.jboss.dependency.plugins.AbstractController.executeOrIncrementStateDirectly(AbstractController.java:1322) [jboss-dependency.jar:2.2.0.SP2]
	at org.jboss.dependency.plugins.AbstractController.resolveContexts(AbstractController.java:1246) [jboss-dependency.jar:2.2.0.SP2]
	at org.jboss.dependency.plugins.AbstractController.resolveContexts(AbstractController.java:1139) [jboss-dependency.jar:2.2.0.SP2]
	at org.jboss.dependency.plugins.AbstractController.change(AbstractController.java:939) [jboss-dependency.jar:2.2.0.SP2]
	at org.jboss.dependency.plugins.AbstractController.change(AbstractController.java:654) [jboss-dependency.jar:2.2.0.SP2]
	at org.jboss.profileservice.dependency.ProfileActivationWrapper$BasicProfileActivation.start(ProfileActivationWrapper.java:190) [:0.2.2]
	at org.jboss.profileservice.dependency.ProfileActivationWrapper.start(ProfileActivationWrapper.java:87) [:0.2.2]
	at org.jboss.profileservice.dependency.ProfileActivationService.activateProfile(ProfileActivationService.java:215) [:0.2.2]
	at org.jboss.profileservice.dependency.ProfileActivationService.activate(ProfileActivationService.java:159) [:0.2.2]
	at org.jboss.profileservice.bootstrap.AbstractProfileServiceBootstrap.activate(AbstractProfileServiceBootstrap.java:112) [:0.2.2]
	at org.jboss.profileservice.resolver.BasicResolverFactory$ProfileResolverFacade.deploy(BasicResolverFactory.java:87) [:0.2.2]
	at org.jboss.profileservice.bootstrap.AbstractProfileServiceBootstrap.start(AbstractProfileServiceBootstrap.java:91) [:0.2.2]
	at org.jboss.system.server.profileservice.bootstrap.BasicProfileServiceBootstrap.start(BasicProfileServiceBootstrap.java:132) [:6.1.0.Final]
	at org.jboss.system.server.profileservice.bootstrap.BasicProfileServiceBootstrap.start(BasicProfileServiceBootstrap.java:56) [:6.1.0.Final]
	at org.jboss.bootstrap.impl.base.server.AbstractServer.startBootstraps(AbstractServer.java:827) [jboss-bootstrap-impl-base.jar:2.1.0-alpha-6]
	at org.jboss.bootstrap.impl.base.server.AbstractServer$StartServerTask.run(AbstractServer.java:417) [jboss-bootstrap-impl-base.jar:2.1.0-alpha-6]
	at java.lang.Thread.run(Thread.java:745) [:1.8.0_25]

16:31:24,212 INFO  [JSFImplManagementDeployer] Initialized 3 JSF configurations: [Mojarra-1.2, MyFaces-2.0, Mojarra-2.0]
16:31:31,556 INFO  [PersistenceUnitValueMetaData] iDependOn persistence.unit:unitName=jboss-ejb3-timerservice-mk2.jar#timerdb
16:31:33,233 INFO  [JMXConnector] starting JMXConnector on host 127.0.0.1:1090
16:31:33,367 INFO  [MailService] Mail Service bound to java:/Mail
16:31:34,149 INFORMAÇÕES [HornetQServerImpl] live server is starting with configuration HornetQ Configuration (clustered=false,backup=false,sharedStore=true,journalDirectory=/home/java01/Desktop/jboss/server/default/data/hornetq/journal,bindingsDirectory=/home/java01/Desktop/jboss/server/default/data/hornetq/bindings,largeMessagesDirectory=/home/java01/Desktop/jboss/server/default/data/hornetq/largemessages,pagingDirectory=/home/java01/Desktop/jboss/server/default/data/hornetq/paging)
16:31:34,152 INFORMAÇÕES [HornetQServerImpl] Waiting to obtain live lock
16:31:34,327 INFO  [JournalStorageManager] Using AIO Journal
16:31:34,362 ADVERTÊNCIA [HornetQServerImpl] Security risk! It has been detected that the cluster admin user and password have not been changed from the installation default. Please see the HornetQ user guide, cluster chapter, for instructions on how to do this.
16:31:34,545 INFO  [AIOFileLockNodeManager] Waiting to obtain live lock
16:31:34,545 INFO  [AIOFileLockNodeManager] Live Server Obtained live lock
16:31:35,368 INFO  [NettyAcceptor] Started Netty Acceptor version 3.2.3.Final-r${buildNumber} 127.0.0.1:5445 for CORE protocol
16:31:35,373 INFO  [NettyAcceptor] Started Netty Acceptor version 3.2.3.Final-r${buildNumber} 127.0.0.1:5455 for CORE protocol
16:31:35,376 INFORMAÇÕES [HornetQServerImpl] Server is now live
16:31:35,376 INFORMAÇÕES [HornetQServerImpl] HornetQ Server version 2.2.5.Final (HQ_2_2_5_FINAL_AS7, 121) [4460117e-f05d-11e6-b3e5-0022687e5cdb] started
16:31:35,442 INFO  [WebService] Using RMI server codebase: http://127.0.0.1:8083/
16:31:35,665 INFO  [jbossatx] ARJUNA-32010 JBossTS Recovery Service (tag: JBOSSTS_4_14_0_Final) - JBoss Inc.
16:31:35,673 INFO  [arjuna] ARJUNA-12324 Start RecoveryActivators
16:31:35,720 INFO  [arjuna] ARJUNA-12296 ExpiredEntryMonitor running at Sáb, 4 mar 2017 16:31:35
16:31:35,803 INFO  [arjuna] ARJUNA-12310 Recovery manager listening on endpoint 127.0.0.1:4712
16:31:35,804 INFO  [arjuna] ARJUNA-12344 RecoveryManagerImple is ready on port 4712
16:31:35,804 INFO  [jbossatx] ARJUNA-32013 Starting transaction recovery manager
16:31:35,833 INFO  [arjuna] ARJUNA-12163 Starting service com.arjuna.ats.arjuna.recovery.ActionStatusService on port 4713
16:31:35,838 INFO  [arjuna] ARJUNA-12337 TransactionStatusManagerItem host: 127.0.0.1 port: 4713
16:31:35,898 INFO  [arjuna] ARJUNA-12170 TransactionStatusManager started on port 4713 and host 127.0.0.1 with service com.arjuna.ats.arjuna.recovery.ActionStatusService
16:31:35,949 INFO  [jbossatx] ARJUNA-32017 JBossTS Transaction Service (JTA version - tag: JBOSSTS_4_14_0_Final) - JBoss Inc.
16:31:35,998 INFO  [arjuna] ARJUNA-12202 registering bean jboss.jta:type=ObjectStore.
16:31:36,347 INFO  [AprLifecycleListener] The Apache Tomcat Native library which allows optimal performance in production environments was not found on the java.library.path: /home/java01/Desktop/jboss/bin/native/lib
16:31:36,500 INFO  [ModClusterService] Initializing mod_cluster 1.1.0.Final
16:31:36,514 INFO  [TomcatDeployment] deploy, ctxPath=/invoker
16:31:36,920 INFO  [RARDeployment] Required license terms exist, view vfs:/home/java01/Desktop/jboss/server/default/deploy/jboss-local-jdbc.rar/META-INF/ra.xml
16:31:36,935 INFO  [RARDeployment] Required license terms exist, view vfs:/home/java01/Desktop/jboss/server/default/deploy/jboss-xa-jdbc.rar/META-INF/ra.xml
16:31:36,945 INFO  [RARDeployment] Required license terms exist, view vfs:/home/java01/Desktop/jboss/server/default/deploy/jms-ra.rar/META-INF/ra.xml
16:31:36,968 INFO  [HornetQResourceAdapter] HornetQ resource adaptor started
16:31:36,977 INFO  [RARDeployment] Required license terms exist, view vfs:/home/java01/Desktop/jboss/server/default/deploy/mail-ra.rar/META-INF/ra.xml
16:31:36,998 INFO  [RARDeployment] Required license terms exist, view vfs:/home/java01/Desktop/jboss/server/default/deploy/quartz-ra.rar/META-INF/ra.xml
16:31:37,141 INFO  [SimpleThreadPool] Job execution threads will use class loader of thread: Thread-2
16:31:37,193 INFO  [SchedulerSignalerImpl] Initialized Scheduler Signaller of type: class org.quartz.core.SchedulerSignalerImpl
16:31:37,194 INFO  [QuartzScheduler] Quartz Scheduler v.1.8.3 created.
16:31:37,197 INFO  [RAMJobStore] RAMJobStore initialized.
16:31:37,201 INFO  [QuartzScheduler] Scheduler meta-data: Quartz Scheduler (v1.8.3) 'JBossQuartzScheduler' with instanceId 'NON_CLUSTERED'
  Scheduler class: 'org.quartz.core.QuartzScheduler' - running locally.
  NOT STARTED.
  Currently in standby mode.
  Number of jobs executed: 0
  Using thread pool 'org.quartz.simpl.SimpleThreadPool' - with 10 threads.
  Using job-store 'org.quartz.simpl.RAMJobStore' - which does not support persistence. and is not clustered.

16:31:37,201 INFO  [StdSchedulerFactory] Quartz scheduler 'JBossQuartzScheduler' initialized from an externally opened InputStream.
16:31:37,201 INFO  [StdSchedulerFactory] Quartz scheduler version: 1.8.3
16:31:37,205 INFO  [QuartzScheduler] Scheduler JBossQuartzScheduler_$_NON_CLUSTERED started.
16:31:37,338 INFO  [ConnectionFactoryBindingService] Bound ConnectionManager 'jboss.jca:service=DataSourceBinding,name=jdbc/BlogDS' to JNDI name 'java:jdbc/BlogDS'
16:31:37,815 INFO  [ConnectionFactoryBindingService] Bound ConnectionManager 'jboss.jca:service=DataSourceBinding,name=DefaultDS' to JNDI name 'java:DefaultDS'
16:31:38,091 INFO  [PersistenceUnitDeployment] Starting persistence unit persistence.unit:unitName=jboss-ejb3-timerservice-mk2.jar#timerdb
16:31:38,514 INFO  [Version] Hibernate Commons Annotations 3.2.0.Final
16:31:38,537 INFO  [Environment] Hibernate 3.6.6.Final
16:31:38,541 INFO  [Environment] hibernate.properties not found
16:31:38,550 INFO  [Environment] Bytecode provider name : javassist
16:31:38,560 INFO  [Environment] using JDK 1.4 java.sql.Timestamp handling
16:31:38,781 INFO  [Version] Hibernate EntityManager 3.6.6.Final
16:31:38,838 INFO  [Ejb3Configuration] Processing PersistenceUnitInfo [
	name: timerdb
	...]
16:31:38,867 WARN  [Ejb3Configuration] Persistence provider caller does not implement the EJB3 spec correctly.PersistenceUnitInfo.getNewTempClassLoader() is null.
16:31:38,991 INFO  [AnnotationBinder] Binding entity from annotated class: org.jboss.ejb3.timerservice.mk2.persistence.TimerEntity
16:31:39,162 INFO  [EntityBinder] Bind entity org.jboss.ejb3.timerservice.mk2.persistence.TimerEntity on table timer
16:31:39,295 INFO  [AnnotationBinder] Binding entity from annotated class: org.jboss.ejb3.timerservice.mk2.persistence.TimeoutMethod
16:31:39,309 INFO  [EntityBinder] Bind entity org.jboss.ejb3.timerservice.mk2.persistence.TimeoutMethod on table timeout_method
16:31:39,398 INFO  [AnnotationBinder] Binding entity from annotated class: org.jboss.ejb3.timerservice.mk2.persistence.CalendarTimerEntity
16:31:39,400 INFO  [EntityBinder] Bind entity org.jboss.ejb3.timerservice.mk2.persistence.CalendarTimerEntity on table calendar_timer
16:31:39,486 INFO  [Version] Hibernate Validator 3.1.0.GA
16:31:39,561 INFO  [Version] Hibernate Validator 4.1.0.Final
16:31:39,588 INFO  [DefaultTraversableResolver] Instantiated an instance of org.hibernate.validator.engine.resolver.JPATraversableResolver.
16:31:39,790 INFO  [DefaultTraversableResolver] Instantiated an instance of org.hibernate.validator.engine.resolver.JPATraversableResolver.
16:31:39,796 INFO  [DefaultTraversableResolver] Instantiated an instance of org.hibernate.validator.engine.resolver.JPATraversableResolver.
16:31:39,808 INFO  [HibernateSearchEventListenerRegister] Unable to find org.hibernate.search.event.FullTextIndexEventListener on the classpath. Hibernate Search is not enabled.
16:31:39,834 INFO  [ConnectionProviderFactory] Initializing connection provider: org.hibernate.ejb.connection.InjectedDataSourceConnectionProvider
16:31:39,843 INFO  [InjectedDataSourceConnectionProvider] Using provided datasource
16:31:39,918 INFO  [Dialect] Using dialect: org.hibernate.dialect.HSQLDialect
16:31:39,960 INFO  [JdbcSupportLoader] Disabling contextual LOB creation as JDBC driver reported JDBC version [3] less than 4
16:31:39,961 INFO  [SettingsFactory] Database ->
       name : HSQL Database Engine
    version : 1.8.0
      major : 1
      minor : 8
16:31:39,961 INFO  [SettingsFactory] Driver ->
       name : HSQL Database Engine Driver
    version : 1.8.0
      major : 1
      minor : 8
16:31:39,964 INFO  [TransactionFactoryFactory] Transaction strategy: org.hibernate.ejb.transaction.JoinableCMTTransactionFactory
16:31:39,971 INFO  [TransactionManagerLookupFactory] instantiating TransactionManagerLookup: org.hibernate.transaction.JBossTransactionManagerLookup
16:31:39,979 INFO  [TransactionManagerLookupFactory] instantiated TransactionManagerLookup
16:31:39,980 INFO  [SettingsFactory] Automatic flush during beforeCompletion(): disabled
16:31:39,980 INFO  [SettingsFactory] Automatic session close at end of transaction: disabled
16:31:39,980 INFO  [SettingsFactory] JDBC batch size: 15
16:31:39,982 INFO  [SettingsFactory] JDBC batch updates for versioned data: disabled
16:31:39,984 INFO  [SettingsFactory] Scrollable result sets: enabled
16:31:39,985 INFO  [SettingsFactory] JDBC3 getGeneratedKeys(): disabled
16:31:39,985 INFO  [SettingsFactory] Connection release mode: auto
16:31:39,987 INFO  [SettingsFactory] Default batch fetch size: 1
16:31:39,987 INFO  [SettingsFactory] Generate SQL with comments: disabled
16:31:39,988 INFO  [SettingsFactory] Order SQL updates by primary key: disabled
16:31:39,988 INFO  [SettingsFactory] Order SQL inserts for batching: disabled
16:31:39,988 INFO  [SettingsFactory] Query translator: org.hibernate.hql.ast.ASTQueryTranslatorFactory
16:31:39,994 INFO  [ASTQueryTranslatorFactory] Using ASTQueryTranslatorFactory
16:31:39,995 INFO  [SettingsFactory] Query language substitutions: {}
16:31:39,995 INFO  [SettingsFactory] JPA-QL strict compliance: enabled
16:31:39,995 INFO  [SettingsFactory] Second-level cache: enabled
16:31:39,995 INFO  [SettingsFactory] Query cache: disabled
16:31:39,997 INFO  [SettingsFactory] Cache region factory : org.hibernate.cache.impl.bridge.RegionFactoryCacheProviderBridge
16:31:40,013 INFO  [RegionFactoryCacheProviderBridge] Cache provider: org.hibernate.cache.HashtableCacheProvider
16:31:40,018 INFO  [SettingsFactory] Optimize cache for minimal puts: disabled
16:31:40,019 INFO  [SettingsFactory] Cache region prefix: persistence.unit:unitName=jboss-ejb3-timerservice-mk2.jar#timerdb
16:31:40,019 INFO  [SettingsFactory] Structured second-level cache entries: disabled
16:31:40,038 INFO  [SettingsFactory] Statistics: disabled
16:31:40,038 INFO  [SettingsFactory] Deleted entity synthetic identifier rollback: disabled
16:31:40,038 INFO  [SettingsFactory] Default entity-mode: pojo
16:31:40,039 INFO  [SettingsFactory] Named query checking : enabled
16:31:40,039 INFO  [SettingsFactory] Check Nullability in Core (should be disabled when Bean Validation is on): disabled
16:31:40,106 INFO  [SessionFactoryImpl] building session factory
16:31:40,128 INFO  [BasicTypeRegistry] Type registration [materialized_clob] overrides previous : org.hibernate.type.MaterializedClobType@72b70d
16:31:40,129 INFO  [BasicTypeRegistry] Type registration [materialized_blob] overrides previous : org.hibernate.type.MaterializedBlobType@d63372
16:31:40,129 INFO  [BasicTypeRegistry] Type registration [wrapper_characters_clob] overrides previous : org.hibernate.type.CharacterArrayClobType@f340e1
16:31:40,130 INFO  [BasicTypeRegistry] Type registration [blob] overrides previous : org.hibernate.type.BlobType@6d050e
16:31:40,130 INFO  [BasicTypeRegistry] Type registration [java.sql.Blob] overrides previous : org.hibernate.type.BlobType@6d050e
16:31:40,130 INFO  [BasicTypeRegistry] Type registration [characters_clob] overrides previous : org.hibernate.type.PrimitiveCharacterArrayClobType@1400951
16:31:40,132 INFO  [BasicTypeRegistry] Type registration [wrapper_materialized_blob] overrides previous : org.hibernate.type.WrappedMaterializedBlobType@d2e2e8
16:31:40,139 INFO  [BasicTypeRegistry] Type registration [clob] overrides previous : org.hibernate.type.ClobType@6040db
16:31:40,140 INFO  [BasicTypeRegistry] Type registration [java.sql.Clob] overrides previous : org.hibernate.type.ClobType@6040db
16:31:41,297 INFO  [SessionFactoryObjectFactory] Factory name: persistence.unit:unitName=jboss-ejb3-timerservice-mk2.jar#timerdb
16:31:41,300 INFO  [NamingHelper] JNDI InitialContext properties:{java.naming.factory.initial=org.jnp.interfaces.NamingContextFactory, java.naming.factory.url.pkgs=org.jboss.naming:org.jnp.interfaces}
16:31:41,303 INFO  [SessionFactoryObjectFactory] Bound factory to JNDI name: persistence.unit:unitName=jboss-ejb3-timerservice-mk2.jar#timerdb
16:31:41,319 INFO  [SchemaUpdate] Running hbm2ddl schema update
16:31:41,320 INFO  [SchemaUpdate] fetching database metadata
16:31:41,321 INFO  [SchemaUpdate] updating schema
16:31:41,325 INFO  [DefaultTraversableResolver] Instantiated an instance of org.hibernate.validator.engine.resolver.JPATraversableResolver.
16:31:41,381 INFO  [TableMetadata] table found: PUBLIC.TIMEOUTMETHOD_METHODPARAMS
16:31:41,381 INFO  [TableMetadata] columns: [timeoutmethod_id, methodparams]
16:31:41,381 INFO  [TableMetadata] foreign keys: [fkf294c964b7de2d8a]
16:31:41,382 INFO  [TableMetadata] indexes: [sys_idx_57]
16:31:41,397 INFO  [TableMetadata] table found: PUBLIC.CALENDAR_TIMER
16:31:41,406 INFO  [TableMetadata] columns: [timeoutmethod_id, scheduleexprmonth, scheduleexprtimezone, scheduleexprminute, scheduleexprsecond, scheduleexprdayofmonth, scheduleexprenddate, scheduleexprhour, scheduleexprstartdate, scheduleexprdayofweek, scheduleexpryear, id, autotimer]
16:31:41,406 INFO  [TableMetadata] foreign keys: [fk2b697f04b7de2d8a, fk2b697f04e6e6ef93]
16:31:41,407 INFO  [TableMetadata] indexes: [sys_idx_49, sys_idx_59, sys_idx_61]
16:31:41,413 INFO  [TableMetadata] table found: PUBLIC.TIMEOUT_METHOD
16:31:41,413 INFO  [TableMetadata] columns: [declaringclass, id, methodname]
16:31:41,413 INFO  [TableMetadata] foreign keys: []
16:31:41,413 INFO  [TableMetadata] indexes: [sys_idx_51]
16:31:41,419 INFO  [TableMetadata] table found: PUBLIC.TIMER
16:31:41,420 INFO  [TableMetadata] columns: [timedobjectid, previousrun, initialdate, id, nextdate, timerstate, repeatinterval, info]
16:31:41,420 INFO  [TableMetadata] foreign keys: []
16:31:41,420 INFO  [TableMetadata] indexes: [sys_idx_53]
16:31:41,429 INFO  [SchemaUpdate] schema update complete
16:31:41,439 INFO  [NamingHelper] JNDI InitialContext properties:{java.naming.factory.initial=org.jnp.interfaces.NamingContextFactory, java.naming.factory.url.pkgs=org.jboss.naming:org.jnp.interfaces}
16:31:41,664 INFO  [ConnectionFactoryBindingService] Bound ConnectionManager 'jboss.jca:service=ConnectionFactoryBinding,name=JmsXA' to JNDI name 'java:JmsXA'
16:31:41,766 INFO  [xnio] XNIO Version 2.1.0.CR2
16:31:41,776 INFO  [nio] XNIO NIO Implementation Version 2.1.0.CR2
16:31:42,080 INFO  [remoting] JBoss Remoting version 3.1.0.Beta2
16:31:42,206 INFO  [TomcatDeployment] deploy, ctxPath=/
16:31:42,313 WARN  [InterceptorInfoRepository] EJBTHREE-1852: InterceptorInfoRepository is deprecated
16:31:43,003 WARN  [DescriptorDeploymentAspect] Spring not available, skipping check for user provided jbossws-cxf.xml / cxf.xml configuration files.
16:31:43,011 INFO  [MetadataBuilder] Add Service
 id=TesteWebServiceImpl
 address=http://localhost:8080/blog-ejb-1.0-SNAPSHOT/TesteWebServiceImplService/TesteWebServiceImpl
 implementor=br.com.dextra.treinamento.model.service.webservice.TesteWebServiceImpl
 invoker=org.jboss.wsf.stack.cxf.InvokerEJB3
 serviceName={http://service.model.treinamento.dextra.com.br}TesteWebServiceImplService
 portName={http://service.model.treinamento.dextra.com.br}TesteWebServiceImplPort
 wsdlLocation=null
 mtomEnabled=false
16:31:43,268 INFO  [ReflectionServiceFactoryBean] Creating Service {http://service.model.treinamento.dextra.com.br}TesteWebServiceImplService from class br.com.dextra.treinamento.model.service.webservice.TesteWebServiceImpl
16:31:43,814 INFO  [ServerImpl] Setting the server's publish address to be http://localhost:8080/blog-ejb-1.0-SNAPSHOT/TesteWebServiceImplService/TesteWebServiceImpl
16:31:43,975 INFO  [WSDLFilePublisher] WSDL published to: file:/home/java01/Desktop/jboss/server/default/data/wsdl/blog.ear/blog-ejb-1.0-SNAPSHOT.jar/TesteWebServiceImplService.wsdl
16:31:43,994 INFO  [DefaultEndpointRegistry] register: jboss.ws:context=blog-ejb-1.0-SNAPSHOT,endpoint=TesteWebServiceImpl
16:31:44,029 INFO  [JBossASKernel] Created KernelDeployment for: blog-ejb-1.0-SNAPSHOT.jar
16:31:44,037 INFO  [JBossASKernel] installing bean: jboss.j2ee:ear=blog.ear,jar=blog-ejb-1.0-SNAPSHOT.jar,name=TeteTimerImpl,service=EJB3
16:31:44,037 INFO  [JBossASKernel]   with dependencies:
16:31:44,038 INFO  [JBossASKernel]   and demands:
16:31:44,038 INFO  [JBossASKernel] 	jboss-switchboard:appName=blog,module=blog-ejb-1.0-SNAPSHOT; Required: Create
16:31:44,038 INFO  [JBossASKernel] 	jboss.ejb:service=EJBTimerService; Required: Described
16:31:44,038 INFO  [JBossASKernel] 	jboss-injector:topLevelUnit=blog.ear,unit=blog-ejb-1.0-SNAPSHOT.jar,bean=TeteTimerImpl; Required: Described
16:31:44,038 INFO  [JBossASKernel]   and supplies:
16:31:44,038 INFO  [JBossASKernel] 	jndi:blog/TeteTimerImpl/local
16:31:44,038 INFO  [JBossASKernel] 	jndi:TeteTimerImpl
16:31:44,039 INFO  [JBossASKernel] 	jndi:blog/TeteTimerImpl/local-br.com.dextra.treinamento.model.service.timer.TesteTimerLocal
16:31:44,039 INFO  [JBossASKernel] 	Class:br.com.dextra.treinamento.model.service.timer.TesteTimerLocal
16:31:44,044 INFO  [JBossASKernel] Added bean(jboss.j2ee:ear=blog.ear,jar=blog-ejb-1.0-SNAPSHOT.jar,name=TeteTimerImpl,service=EJB3) to KernelDeployment of: blog-ejb-1.0-SNAPSHOT.jar
16:31:44,045 INFO  [JBossASKernel] installing bean: jboss.j2ee:ear=blog.ear,jar=blog-ejb-1.0-SNAPSHOT.jar,name=ComunicadorFila,service=EJB3
16:31:44,046 INFO  [JBossASKernel]   with dependencies:
16:31:44,046 INFO  [JBossASKernel]   and demands:
16:31:44,046 INFO  [JBossASKernel] 	jboss-switchboard:appName=blog,module=blog-ejb-1.0-SNAPSHOT; Required: Create
16:31:44,046 INFO  [JBossASKernel] 	jboss.ejb:service=EJBTimerService; Required: Described
16:31:44,046 INFO  [JBossASKernel]   and supplies:
16:31:44,046 INFO  [JBossASKernel] 	jndi:null
16:31:44,046 INFO  [JBossASKernel] 	Class:javax.jms.MessageListener
16:31:44,047 INFO  [JBossASKernel] Added bean(jboss.j2ee:ear=blog.ear,jar=blog-ejb-1.0-SNAPSHOT.jar,name=ComunicadorFila,service=EJB3) to KernelDeployment of: blog-ejb-1.0-SNAPSHOT.jar
16:31:44,047 INFO  [JBossASKernel] installing bean: jboss.j2ee:ear=blog.ear,jar=blog-ejb-1.0-SNAPSHOT.jar,name=TesteJMSImpl,service=EJB3
16:31:44,048 INFO  [JBossASKernel]   with dependencies:
16:31:44,048 INFO  [JBossASKernel]   and demands:
16:31:44,048 INFO  [JBossASKernel] 	jboss-switchboard:appName=blog,module=blog-ejb-1.0-SNAPSHOT; Required: Create
16:31:44,048 INFO  [JBossASKernel] 	jboss.ejb:service=EJBTimerService; Required: Described
16:31:44,048 INFO  [JBossASKernel]   and supplies:
16:31:44,048 INFO  [JBossASKernel] 	Class:br.com.dextra.treinamento.model.service.jms.TesteJMSLocal
16:31:44,048 INFO  [JBossASKernel] 	jndi:blog/TesteJMSImpl/local
16:31:44,048 INFO  [JBossASKernel] 	jndi:TesteJMSImpl
16:31:44,049 INFO  [JBossASKernel] 	jndi:blog/TesteJMSImpl/local-br.com.dextra.treinamento.model.service.jms.TesteJMSLocal
16:31:44,049 INFO  [JBossASKernel] Added bean(jboss.j2ee:ear=blog.ear,jar=blog-ejb-1.0-SNAPSHOT.jar,name=TesteJMSImpl,service=EJB3) to KernelDeployment of: blog-ejb-1.0-SNAPSHOT.jar
16:31:44,050 INFO  [JBossASKernel] installing bean: jboss.j2ee:ear=blog.ear,jar=blog-ejb-1.0-SNAPSHOT.jar,name=TestarStatefulImpl,service=EJB3
16:31:44,050 INFO  [JBossASKernel]   with dependencies:
16:31:44,050 INFO  [JBossASKernel]   and demands:
16:31:44,051 INFO  [JBossASKernel] 	jboss-switchboard:appName=blog,module=blog-ejb-1.0-SNAPSHOT; Required: Create
16:31:44,051 INFO  [JBossASKernel] 	jboss.ejb:service=EJBTimerService; Required: Described
16:31:44,051 INFO  [JBossASKernel]   and supplies:
16:31:44,051 INFO  [JBossASKernel] 	jndi:blog/TestarStatefulImpl/local
16:31:44,051 INFO  [JBossASKernel] 	jndi:TestarStatefulImpl
16:31:44,051 INFO  [JBossASKernel] 	Class:br.com.dextra.treinamento.model.service.sessionbean.TestarStatefulLocal
16:31:44,051 INFO  [JBossASKernel] 	jndi:blog/TestarStatefulImpl/local-br.com.dextra.treinamento.model.service.sessionbean.TestarStatefulLocal
16:31:44,055 INFO  [JBossASKernel] Added bean(jboss.j2ee:ear=blog.ear,jar=blog-ejb-1.0-SNAPSHOT.jar,name=TestarStatefulImpl,service=EJB3) to KernelDeployment of: blog-ejb-1.0-SNAPSHOT.jar
16:31:44,056 INFO  [JBossASKernel] installing bean: jboss.j2ee:ear=blog.ear,jar=blog-ejb-1.0-SNAPSHOT.jar,name=TestarStatelessImpl,service=EJB3
16:31:44,057 INFO  [JBossASKernel]   with dependencies:
16:31:44,057 INFO  [JBossASKernel]   and demands:
16:31:44,057 INFO  [JBossASKernel] 	jboss-switchboard:appName=blog,module=blog-ejb-1.0-SNAPSHOT; Required: Create
16:31:44,057 INFO  [JBossASKernel] 	jboss.ejb:service=EJBTimerService; Required: Described
16:31:44,057 INFO  [JBossASKernel]   and supplies:
16:31:44,057 INFO  [JBossASKernel] 	jndi:blog/TestarStatelessImpl/local
16:31:44,057 INFO  [JBossASKernel] 	jndi:TestarStatelessImpl
16:31:44,057 INFO  [JBossASKernel] 	jndi:blog/TestarStatelessImpl/local-br.com.dextra.treinamento.model.service.sessionbean.TestarStatelessLocal
16:31:44,057 INFO  [JBossASKernel] 	Class:br.com.dextra.treinamento.model.service.sessionbean.TestarStatelessLocal
16:31:44,057 INFO  [JBossASKernel] Added bean(jboss.j2ee:ear=blog.ear,jar=blog-ejb-1.0-SNAPSHOT.jar,name=TestarStatelessImpl,service=EJB3) to KernelDeployment of: blog-ejb-1.0-SNAPSHOT.jar
16:31:44,058 INFO  [JBossASKernel] installing bean: jboss.j2ee:ear=blog.ear,jar=blog-ejb-1.0-SNAPSHOT.jar,name=PostServiceImpl,service=EJB3
16:31:44,058 INFO  [JBossASKernel]   with dependencies:
16:31:44,058 INFO  [JBossASKernel]   and demands:
16:31:44,058 INFO  [JBossASKernel] 	persistence.unit:unitName=blog.ear/blog-ejb-1.0-SNAPSHOT.jar#blog-pu; Required: Described
16:31:44,058 INFO  [JBossASKernel] 	jboss-switchboard:appName=blog,module=blog-ejb-1.0-SNAPSHOT; Required: Create
16:31:44,058 INFO  [JBossASKernel] 	jboss-injector:topLevelUnit=blog.ear,unit=blog-ejb-1.0-SNAPSHOT.jar,bean=PostServiceImpl; Required: Described
16:31:44,059 INFO  [JBossASKernel] 	jboss.ejb:service=EJBTimerService; Required: Described
16:31:44,059 INFO  [JBossASKernel]   and supplies:
16:31:44,059 INFO  [JBossASKernel] 	Class:br.com.dextra.treinamento.model.service.jpa.PostServiceLocal
16:31:44,059 INFO  [JBossASKernel] 	jndi:blog/PostServiceImpl/local-br.com.dextra.treinamento.model.service.jpa.PostServiceLocal
16:31:44,059 INFO  [JBossASKernel] 	jndi:PostServiceImpl
16:31:44,059 INFO  [JBossASKernel] 	jndi:blog/PostServiceImpl/local
16:31:44,059 INFO  [JBossASKernel] Added bean(jboss.j2ee:ear=blog.ear,jar=blog-ejb-1.0-SNAPSHOT.jar,name=PostServiceImpl,service=EJB3) to KernelDeployment of: blog-ejb-1.0-SNAPSHOT.jar
16:31:44,060 INFO  [JBossASKernel] installing bean: jboss.j2ee:ear=blog.ear,jar=blog-ejb-1.0-SNAPSHOT.jar,name=TesteWebServiceImpl,service=EJB3
16:31:44,060 INFO  [JBossASKernel]   with dependencies:
16:31:44,060 INFO  [JBossASKernel]   and demands:
16:31:44,060 INFO  [JBossASKernel] 	jboss-switchboard:appName=blog,module=blog-ejb-1.0-SNAPSHOT; Required: Create
16:31:44,060 INFO  [JBossASKernel] 	jboss.ejb:service=EJBTimerService; Required: Described
16:31:44,060 INFO  [JBossASKernel] 	jboss-injector:topLevelUnit=blog.ear,unit=blog-ejb-1.0-SNAPSHOT.jar,bean=TesteWebServiceImpl; Required: Described
16:31:44,060 INFO  [JBossASKernel]   and supplies:
16:31:44,060 INFO  [JBossASKernel] 	jndi:blog/TesteWebServiceImpl/local
16:31:44,060 INFO  [JBossASKernel] 	Class:br.com.dextra.treinamento.model.service.webservice.TesteWebServiceInterface
16:31:44,060 INFO  [JBossASKernel] 	jndi:blog/TesteWebServiceImpl/local-br.com.dextra.treinamento.model.service.webservice.TesteWebServiceInterface
16:31:44,060 INFO  [JBossASKernel] 	jndi:TesteWebServiceImpl
16:31:44,061 INFO  [JBossASKernel] Added bean(jboss.j2ee:ear=blog.ear,jar=blog-ejb-1.0-SNAPSHOT.jar,name=TesteWebServiceImpl,service=EJB3) to KernelDeployment of: blog-ejb-1.0-SNAPSHOT.jar
16:31:44,202 INFO  [EJBContainer] STARTED EJB: br.com.dextra.treinamento.model.service.jms.ComunicadorFila ejbName: ComunicadorFila
16:31:44,286 WARN  [TimerServiceContainer] EJBTHREE-2193: using deprecated TimerServiceFactory for restoring timers
16:31:44,635 INFO  [HornetQActivation] awaiting topic/queue creation queue/minhaFila
16:31:45,076 INFO  [SessionSpecContainer] Starting jboss.j2ee:ear=blog.ear,jar=blog-ejb-1.0-SNAPSHOT.jar,name=TestarStatefulImpl,service=EJB3
16:31:45,081 INFO  [EJBContainer] STARTED EJB: br.com.dextra.treinamento.model.service.sessionbean.TestarStatefulImpl ejbName: TestarStatefulImpl
16:31:45,149 INFO  [JndiSessionRegistrarBase] Binding the following Entries in Global JNDI:

	blog/TestarStatefulImpl/local - EJB3.x Default Local Business Interface
	blog/TestarStatefulImpl/local-br.com.dextra.treinamento.model.service.sessionbean.TestarStatefulLocal - EJB3.x Local Business Interface

16:31:45,169 INFO  [SessionSpecContainer] Starting jboss.j2ee:ear=blog.ear,jar=blog-ejb-1.0-SNAPSHOT.jar,name=TestarStatelessImpl,service=EJB3
16:31:45,169 INFO  [EJBContainer] STARTED EJB: br.com.dextra.treinamento.model.service.sessionbean.TestarStatelessImpl ejbName: TestarStatelessImpl
16:31:45,178 INFO  [JndiSessionRegistrarBase] Binding the following Entries in Global JNDI:

	blog/TestarStatelessImpl/local - EJB3.x Default Local Business Interface
	blog/TestarStatelessImpl/local-br.com.dextra.treinamento.model.service.sessionbean.TestarStatelessLocal - EJB3.x Local Business Interface

16:31:45,178 WARN  [TimerServiceContainer] EJBTHREE-2193: using deprecated TimerServiceFactory for restoring timers
16:31:45,207 INFO  [SessionSpecContainer] Starting jboss.j2ee:ear=blog.ear,jar=blog-ejb-1.0-SNAPSHOT.jar,name=TeteTimerImpl,service=EJB3
16:31:45,214 INFO  [EJBContainer] STARTED EJB: br.com.dextra.treinamento.model.service.timer.TeteTimerImpl ejbName: TeteTimerImpl
16:31:45,218 INFO  [JndiSessionRegistrarBase] Binding the following Entries in Global JNDI:

	blog/TeteTimerImpl/local - EJB3.x Default Local Business Interface
	blog/TeteTimerImpl/local-br.com.dextra.treinamento.model.service.timer.TesteTimerLocal - EJB3.x Local Business Interface

16:31:45,220 WARN  [TimerServiceContainer] EJBTHREE-2193: using deprecated TimerServiceFactory for restoring timers
16:31:45,252 INFO  [SessionSpecContainer] Starting jboss.j2ee:ear=blog.ear,jar=blog-ejb-1.0-SNAPSHOT.jar,name=TesteWebServiceImpl,service=EJB3
16:31:45,259 INFO  [EJBContainer] STARTED EJB: br.com.dextra.treinamento.model.service.webservice.TesteWebServiceImpl ejbName: TesteWebServiceImpl
16:31:45,261 INFO  [JndiSessionRegistrarBase] Binding the following Entries in Global JNDI:

	blog/TesteWebServiceImpl/local - EJB3.x Default Local Business Interface
	blog/TesteWebServiceImpl/local-br.com.dextra.treinamento.model.service.webservice.TesteWebServiceInterface - EJB3.x Local Business Interface

16:31:45,266 WARN  [TimerServiceContainer] EJBTHREE-2193: using deprecated TimerServiceFactory for restoring timers
16:31:45,269 INFO  [PersistenceUnitDeployment] Starting persistence unit persistence.unit:unitName=blog.ear/blog-ejb-1.0-SNAPSHOT.jar#blog-pu
16:31:45,271 INFO  [Ejb3Configuration] Processing PersistenceUnitInfo [
	name: blog-pu
	...]
16:31:45,278 WARN  [Ejb3Configuration] Persistence provider caller does not implement the EJB3 spec correctly.PersistenceUnitInfo.getNewTempClassLoader() is null.
16:31:45,279 INFO  [AnnotationBinder] Binding entity from annotated class: br.com.dextra.treinamento.model.domain.Post
16:31:45,279 INFO  [EntityBinder] Bind entity br.com.dextra.treinamento.model.domain.Post on table Post
16:31:45,296 INFO  [DefaultTraversableResolver] Instantiated an instance of org.hibernate.validator.engine.resolver.JPATraversableResolver.
16:31:45,311 INFO  [DefaultTraversableResolver] Instantiated an instance of org.hibernate.validator.engine.resolver.JPATraversableResolver.
16:31:45,313 INFO  [DefaultTraversableResolver] Instantiated an instance of org.hibernate.validator.engine.resolver.JPATraversableResolver.
16:31:45,315 INFO  [HibernateSearchEventListenerRegister] Unable to find org.hibernate.search.event.FullTextIndexEventListener on the classpath. Hibernate Search is not enabled.
16:31:45,316 INFO  [ConnectionProviderFactory] Initializing connection provider: org.hibernate.ejb.connection.InjectedDataSourceConnectionProvider
16:31:45,317 INFO  [InjectedDataSourceConnectionProvider] Using provided datasource
16:31:45,565 INFO  [Dialect] Using dialect: org.hibernate.dialect.PostgreSQLDialect
16:31:45,569 INFO  [JdbcSupportLoader] Disabling contextual LOB creation as JDBC driver reported JDBC version [3] less than 4
16:31:45,569 INFO  [SettingsFactory] Database ->
       name : PostgreSQL
    version : 9.1.9
      major : 9
      minor : 1
16:31:45,569 INFO  [SettingsFactory] Driver ->
       name : PostgreSQL Native Driver
    version : PostgreSQL 9.0 JDBC3 (build 801)
      major : 9
      minor : 0
16:31:45,575 INFO  [TransactionFactoryFactory] Transaction strategy: org.hibernate.ejb.transaction.JoinableCMTTransactionFactory
16:31:45,575 INFO  [TransactionManagerLookupFactory] instantiating TransactionManagerLookup: org.hibernate.transaction.JBossTransactionManagerLookup
16:31:45,578 INFO  [TransactionManagerLookupFactory] instantiated TransactionManagerLookup
16:31:45,578 INFO  [SettingsFactory] Automatic flush during beforeCompletion(): disabled
16:31:45,578 INFO  [SettingsFactory] Automatic session close at end of transaction: disabled
16:31:45,578 INFO  [SettingsFactory] JDBC batch size: 15
16:31:45,578 INFO  [SettingsFactory] JDBC batch updates for versioned data: disabled
16:31:45,578 INFO  [SettingsFactory] Scrollable result sets: enabled
16:31:45,578 INFO  [SettingsFactory] JDBC3 getGeneratedKeys(): enabled
16:31:45,578 INFO  [SettingsFactory] Connection release mode: auto
16:31:45,578 INFO  [SettingsFactory] Default batch fetch size: 1
16:31:45,578 INFO  [SettingsFactory] Generate SQL with comments: disabled
16:31:45,578 INFO  [SettingsFactory] Order SQL updates by primary key: disabled
16:31:45,578 INFO  [SettingsFactory] Order SQL inserts for batching: disabled
16:31:45,578 INFO  [SettingsFactory] Query translator: org.hibernate.hql.ast.ASTQueryTranslatorFactory
16:31:45,578 INFO  [ASTQueryTranslatorFactory] Using ASTQueryTranslatorFactory
16:31:45,578 INFO  [SettingsFactory] Query language substitutions: {}
16:31:45,578 INFO  [SettingsFactory] JPA-QL strict compliance: enabled
16:31:45,579 INFO  [SettingsFactory] Second-level cache: enabled
16:31:45,579 INFO  [SettingsFactory] Query cache: disabled
16:31:45,579 INFO  [SettingsFactory] Cache region factory : org.hibernate.cache.impl.bridge.RegionFactoryCacheProviderBridge
16:31:45,579 INFO  [RegionFactoryCacheProviderBridge] Cache provider: org.hibernate.cache.HashtableCacheProvider
16:31:45,579 INFO  [SettingsFactory] Optimize cache for minimal puts: disabled
16:31:45,579 INFO  [SettingsFactory] Cache region prefix: persistence.unit:unitName=blog.ear/blog-ejb-1.0-SNAPSHOT.jar#blog-pu
16:31:45,579 INFO  [SettingsFactory] Structured second-level cache entries: disabled
16:31:45,579 INFO  [SettingsFactory] Statistics: disabled
16:31:45,579 INFO  [SettingsFactory] Deleted entity synthetic identifier rollback: disabled
16:31:45,579 INFO  [SettingsFactory] Default entity-mode: pojo
16:31:45,579 INFO  [SettingsFactory] Named query checking : enabled
16:31:45,579 INFO  [SettingsFactory] Check Nullability in Core (should be disabled when Bean Validation is on): disabled
16:31:45,588 INFO  [SessionFactoryImpl] building session factory
16:31:45,588 INFO  [BasicTypeRegistry] Type registration [materialized_blob] overrides previous : org.hibernate.type.MaterializedBlobType@d63372
16:31:45,607 INFO  [SessionFactoryObjectFactory] Factory name: persistence.unit:unitName=blog.ear/blog-ejb-1.0-SNAPSHOT.jar#blog-pu
16:31:45,607 INFO  [NamingHelper] JNDI InitialContext properties:{java.naming.factory.initial=org.jnp.interfaces.NamingContextFactory, java.naming.factory.url.pkgs=org.jboss.naming:org.jnp.interfaces}
16:31:45,609 INFO  [NamingHelper] Creating subcontext: persistence.unit:unitName=blog.ear
16:31:45,616 INFO  [SessionFactoryObjectFactory] Bound factory to JNDI name: persistence.unit:unitName=blog.ear/blog-ejb-1.0-SNAPSHOT.jar#blog-pu
16:31:45,616 INFO  [SchemaUpdate] Running hbm2ddl schema update
16:31:45,616 INFO  [SchemaUpdate] fetching database metadata
16:31:45,626 INFO  [SchemaUpdate] updating schema
16:31:45,627 INFO  [DefaultTraversableResolver] Instantiated an instance of org.hibernate.validator.engine.resolver.JPATraversableResolver.
16:31:45,645 INFO  [DatabaseMetadata] table not found: Post
16:31:45,648 INFO  [DatabaseMetadata] table not found: Post
16:31:45,650 INFO  [DatabaseMetadata] table not found: hibernate_sequence
16:31:45,772 INFO  [SchemaUpdate] schema update complete
16:31:45,773 INFO  [NamingHelper] JNDI InitialContext properties:{java.naming.factory.initial=org.jnp.interfaces.NamingContextFactory, java.naming.factory.url.pkgs=org.jboss.naming:org.jnp.interfaces}
16:31:45,796 INFO  [SessionSpecContainer] Starting jboss.j2ee:ear=blog.ear,jar=blog-ejb-1.0-SNAPSHOT.jar,name=TesteJMSImpl,service=EJB3
16:31:45,796 INFO  [EJBContainer] STARTED EJB: br.com.dextra.treinamento.model.service.jms.TesteJMSImpl ejbName: TesteJMSImpl
16:31:45,798 INFO  [JndiSessionRegistrarBase] Binding the following Entries in Global JNDI:

	blog/TesteJMSImpl/local - EJB3.x Default Local Business Interface
	blog/TesteJMSImpl/local-br.com.dextra.treinamento.model.service.jms.TesteJMSLocal - EJB3.x Local Business Interface

16:31:45,799 WARN  [TimerServiceContainer] EJBTHREE-2193: using deprecated TimerServiceFactory for restoring timers
16:31:45,810 INFO  [SessionSpecContainer] Starting jboss.j2ee:ear=blog.ear,jar=blog-ejb-1.0-SNAPSHOT.jar,name=PostServiceImpl,service=EJB3
16:31:45,819 INFO  [EJBContainer] STARTED EJB: br.com.dextra.treinamento.model.service.jpa.PostServiceImpl ejbName: PostServiceImpl
16:31:45,822 INFO  [JndiSessionRegistrarBase] Binding the following Entries in Global JNDI:

	blog/PostServiceImpl/local - EJB3.x Default Local Business Interface
	blog/PostServiceImpl/local-br.com.dextra.treinamento.model.service.jpa.PostServiceLocal - EJB3.x Local Business Interface

16:31:45,823 WARN  [TimerServiceContainer] EJBTHREE-2193: using deprecated TimerServiceFactory for restoring timers
16:31:45,855 INFO  [TomcatDeployment] deploy, ctxPath=/blog-ejb-1.0-SNAPSHOT
16:31:45,893 INFO  [TomcatDeployment] deploy, ctxPath=/blog
16:31:45,957 INFORMAÇÕES [config] Inicializando Mojarra 2.0.3 ( b05) para o contexto '/blog'
16:31:46,638 INFO  [HornetQActivation] Attempting to reconnect org.hornetq.ra.inflow.HornetQActivationSpec(ra=org.hornetq.ra.HornetQResourceAdapter@1d54433 destination=queue/minhaFila destinationType=javax.jms.Queue ack=Auto-acknowledge durable=false clientID=null user=null maxSession=15)
16:31:46,659 INFO  [HornetQActivation] awaiting topic/queue creation queue/minhaFila
16:31:47,931 INFORMAÇÕES [HornetQServerImpl] trying to deploy queue jms.queue.DLQ
16:31:48,018 INFORMAÇÕES [HornetQServerImpl] trying to deploy queue jms.queue.MinhaFila
16:31:48,023 INFORMAÇÕES [HornetQServerImpl] trying to deploy queue jms.queue.ExpiryQueue
16:31:48,126 INFORMAÇÕES [service] Removing bootstrap log handlers
