#
# A fatal error has been detected by the Java Runtime Environment:
#
#  SIGSEGV (0xb) at pc=0xb6c56764, pid=19147, tid=2264922944
#
# JRE version: Java(TM) SE Runtime Environment (8.0_25-b17) (build 1.8.0_25-b17)
# Java VM: Java HotSpot(TM) Server VM (25.25-b02 mixed mode linux-x86 )
# Problematic frame:
# V  [libjvm.so+0x4a8764]  InstanceKlass::oop_follow_contents(ParCompactionManager*, oopDesc*)+0xf4
#
# Failed to write core dump. Core dumps have been disabled. To enable core dumping, try "ulimit -c unlimited" before starting Java again
#
# If you would like to submit a bug report, please visit:
#   http://bugreport.sun.com/bugreport/crash.jsp
#

---------------  T H R E A D  ---------------

Current thread (0xb6610400):  GCTaskThread [stack: 0x86f7f000,0x87000000] [id=19149]

siginfo: si_signo: 11 (SIGSEGV), si_code: 2 (SEGV_ACCERR), si_addr: 0x98ddd834

Registers:
EAX=0x85c00000, EBX=0x00000040, ECX=0xb668f606, EDX=0x0011ddd8
ESP=0x86ffefe0, EBP=0x86fff008, ESI=0x98ddd830, EDI=0xa4c6a41c
EIP=0xb6c56764, EFLAGS=0x00010246, CR2=0x98ddd834

Top of Stack: (sp=0x86ffefe0)
0x86ffefe0:   0000000d b668f690 0000000d 84916c28
0x86ffeff0:   84916c30 a4c6a430 b668f690 5b3a0a82
0x86fff000:   b668f670 b668f678 86fff0a8 b6f1d9a8
0x86fff010:   84916ae8 b668f670 a4c6a410 7a400a83
0x86fff020:   b6611128 b6611128 b668f678 ffffffff
0x86fff030:   00000001 b66d7880 00000000 00000016
0x86fff040:   b668f6d0 8740a488 b668f670 86fff078
0x86fff050:   b6f29143 b71669e0 b668f690 00000016 

Instructions: (pc=0xb6c56764)
0xb6c56744:   c1 d3 eb 89 da 83 e3 1f 88 d9 b8 01 00 00 00 d3
0xb6c56754:   e0 c1 ea 05 89 c3 a1 b8 69 16 b7 85 1c 90 75 bc
0xb6c56764:   8b 56 04 8b 5a 04 83 fb 00 0f 8e 5d 01 00 00 f6
0xb6c56774:   c3 01 0f 85 b4 00 00 00 c1 fb 02 50 53 56 68 a0 

Register to memory mapping:

EAX=0x85c00000 is an unknown value
EBX=0x00000040 is an unknown value
ECX=0xb668f606 is an unknown value
EDX=0x0011ddd8 is an unknown value
ESP=0x86ffefe0 is an unknown value
EBP=0x86fff008 is an unknown value
ESI=0x98ddd830 is an unallocated location in the heap
EDI=0xa4c6a41c is an unknown value


Stack: [0x86f7f000,0x87000000],  sp=0x86ffefe0,  free space=511k
Native frames: (J=compiled Java code, j=interpreted, Vv=VM code, C=native code)
V  [libjvm.so+0x4a8764]  InstanceKlass::oop_follow_contents(ParCompactionManager*, oopDesc*)+0xf4
V  [libjvm.so+0x76f9a8]  ParCompactionManager::follow_marking_stacks()+0x128
V  [libjvm.so+0x759c7b]  ThreadRootsMarkingTask::do_it(GCTaskManager*, unsigned int)+0xbb
V  [libjvm.so+0x43c076]  GCTaskThread::run()+0x106
V  [libjvm.so+0x723a29]  java_start(Thread*)+0x119
C  [libpthread.so.0+0x6d4c]  start_thread+0xcc


---------------  P R O C E S S  ---------------

Java Threads: ( => current thread )
  0x8528e400 JavaThread "GC Daemon" daemon [_thread_blocked, id=19165, stack(0x82377000,0x823c8000)]
  0x83736800 JavaThread "AuthenticationCacheFlushThread" [_thread_blocked, id=19162, stack(0x84223000,0x84274000)]
  0x090c4400 JavaThread "Thread-2" [_thread_blocked, id=19160, stack(0x84c58000,0x84ca9000)]
  0xb6606400 JavaThread "DestroyJavaVM" [_thread_blocked, id=19148, stack(0xb6731000,0xb6782000)]
  0x85266400 JavaThread "main" [_thread_blocked, id=19159, stack(0x84d09000,0x84d5a000)]
  0x8523a000 JavaThread "Service Thread" daemon [_thread_blocked, id=19157, stack(0x86d2e000,0x86d7f000)]
  0x85237000 JavaThread "C1 CompilerThread1" daemon [_thread_blocked, id=19156, stack(0x84ddb000,0x84e5c000)]
  0x85235000 JavaThread "C2 CompilerThread0" daemon [_thread_in_native, id=19155, stack(0x84e5c000,0x84edd000)]
  0x85233800 JavaThread "Signal Dispatcher" daemon [_thread_blocked, id=19154, stack(0x86f2e000,0x86f7f000)]
  0x85216800 JavaThread "Finalizer" daemon [_thread_blocked, id=19153, stack(0x850dd000,0x8512e000)]
  0x85215000 JavaThread "Reference Handler" daemon [_thread_blocked, id=19152, stack(0x8512e000,0x8517f000)]

Other Threads:
  0x85210c00 VMThread [stack: 0x8517f000,0x85200000] [id=19151]
  0x8523bc00 WatcherThread [stack: 0x84d5a000,0x84ddb000] [id=19158]

=>0xb6610400 (exited) GCTaskThread [stack: 0x86f7f000,0x87000000] [id=19149]

VM state:at safepoint (normal execution)

VM Mutex/Monitor currently owned by a thread:  ([mutex/lock_event])
[0xb6605220] Threads_lock - owner thread: 0x85210c00
[0xb6605630] Heap_lock - owner thread: 0x090c4400

Heap:
 PSYoungGen      total 147200K, used 24171K [0x9c580000, 0xa7000000, 0xa7000000)
  eden space 122880K, 0% used [0x9c580000,0x9c580000,0xa3d80000)
  from space 24320K, 99% used [0xa3d80000,0xa551afb0,0xa5540000)
  to   space 27392K, 0% used [0xa5540000,0xa5540000,0xa7000000)
 ParOldGen       total 101632K, used 48664K [0x87000000, 0x8d340000, 0x9c580000)
  object space 101632K, 47% used [0x87000000,0x89f861a0,0x8d340000)
 Metaspace       used 26544K, capacity 27286K, committed 27308K, reserved 27952K

Card table byte_map: [0xa70f0000,0xa71f1000] byte_map_base: 0xa6cb8000

Marking Bits: (ParMarkBitMap*) 0xb71669a0
 Begin Bits: [0x85c00000, 0x86400000)
 End Bits:   [0x86400000, 0x86c00000)

Polling page: 0xb775f000

CodeCache: size=245760Kb used=13213Kb max_used=13213Kb free=232546Kb
 bounds [0xa75b1000, 0xa82a1000, 0xb65b1000]
 total_blobs=5236 nmethods=5040 adapters=110
 compilation: enabled

Compilation events (10 events):
Event: 14,153 Thread 0x85237000 5680       2       org.jboss.scanning.annotations.plugins.GenericAnnotationVisitor::handleRelevantClass (118 bytes)
Event: 14,153 Thread 0x85237000 nmethod 5680 0xa829ea08 code [0xa829eb60, 0xa829ee10]
Event: 14,154 Thread 0x85237000 5681       2       org.jboss.reflect.plugins.ClassInfoImpl::getDeclaredFields (29 bytes)
Event: 14,154 Thread 0x85237000 nmethod 5681 0xa829f1c8 code [0xa829f300, 0xa829f4d8]
Event: 14,154 Thread 0x85237000 5682       2       org.jboss.reflect.plugins.introspection.IntrospectionTypeInfoFactoryImpl$1::run (5 bytes)
Event: 14,154 Thread 0x85237000 nmethod 5682 0xa829f648 code [0xa829f760, 0xa829f84c]
Event: 14,154 Thread 0x85237000 5683       2       org.jboss.reflect.plugins.introspection.IntrospectionTypeInfoFactoryImpl::getDeclaredFields (29 bytes)
Event: 14,155 Thread 0x85237000 nmethod 5683 0xa829f8c8 code [0xa829fa20, 0xa829fc08]
Event: 14,155 Thread 0x85237000 5684       2       org.jboss.scanning.hierarchy.plugins.HierarchyTypeVisitor::handleClass (42 bytes)
Event: 14,155 Thread 0x85237000 nmethod 5684 0xa829fdc8 code [0xa829ffa0, 0xa82a03b8]

GC Heap History (10 events):
Event: 7,672 GC heap after
Heap after GC invocations=8 (full 1):
 PSYoungGen      total 142336K, used 8627K [0x9c580000, 0xa6e80000, 0xa7000000)
  eden space 133632K, 0% used [0x9c580000,0x9c580000,0xa4800000)
  from space 8704K, 99% used [0xa4800000,0xa506cf50,0xa5080000)
  to   space 19712K, 0% used [0xa5b40000,0xa5b40000,0xa6e80000)
 ParOldGen       total 101632K, used 39126K [0x87000000, 0x8d340000, 0x9c580000)
  object space 101632K, 38% used [0x87000000,0x89635a50,0x8d340000)
 Metaspace       used 19291K, capacity 19806K, committed 19840K, reserved 20784K
}
Event: 8,986 GC heap before
{Heap before GC invocations=9 (full 1):
 PSYoungGen      total 142336K, used 142259K [0x9c580000, 0xa6e80000, 0xa7000000)
  eden space 133632K, 100% used [0x9c580000,0xa4800000,0xa4800000)
  from space 8704K, 99% used [0xa4800000,0xa506cf50,0xa5080000)
  to   space 19712K, 0% used [0xa5b40000,0xa5b40000,0xa6e80000)
 ParOldGen       total 101632K, used 39126K [0x87000000, 0x8d340000, 0x9c580000)
  object space 101632K, 38% used [0x87000000,0x89635a50,0x8d340000)
 Metaspace       used 21417K, capacity 22061K, committed 22144K, reserved 22832K
Event: 9,012 GC heap after
Heap after GC invocations=9 (full 1):
 PSYoungGen      total 153856K, used 12322K [0x9c580000, 0xa7000000, 0xa7000000)
  eden space 134144K, 0% used [0x9c580000,0x9c580000,0xa4880000)
  from space 19712K, 62% used [0xa5b40000,0xa6748b88,0xa6e80000)
  to   space 19200K, 0% used [0xa4880000,0xa4880000,0xa5b40000)
 ParOldGen       total 101632K, used 39130K [0x87000000, 0x8d340000, 0x9c580000)
  object space 101632K, 38% used [0x87000000,0x89636a50,0x8d340000)
 Metaspace       used 21417K, capacity 22061K, committed 22144K, reserved 22832K
}
Event: 10,868 GC heap before
{Heap before GC invocations=10 (full 1):
 PSYoungGen      total 153856K, used 146466K [0x9c580000, 0xa7000000, 0xa7000000)
  eden space 134144K, 100% used [0x9c580000,0xa4880000,0xa4880000)
  from space 19712K, 62% used [0xa5b40000,0xa6748b88,0xa6e80000)
  to   space 19200K, 0% used [0xa4880000,0xa4880000,0xa5b40000)
 ParOldGen       total 101632K, used 39130K [0x87000000, 0x8d340000, 0x9c580000)
  object space 101632K, 38% used [0x87000000,0x89636a50,0x8d340000)
 Metaspace       used 23030K, capacity 23678K, committed 23680K, reserved 23856K
Event: 10,939 GC heap after
Heap after GC invocations=10 (full 1):
 PSYoungGen      total 153344K, used 19196K [0x9c580000, 0xa7000000, 0xa7000000)
  eden space 134144K, 0% used [0x9c580000,0x9c580000,0xa4880000)
  from space 19200K, 99% used [0xa4880000,0xa5b3f310,0xa5b40000)
  to   space 21248K, 0% used [0xa5b40000,0xa5b40000,0xa7000000)
 ParOldGen       total 101632K, used 39500K [0x87000000, 0x8d340000, 0x9c580000)
  object space 101632K, 38% used [0x87000000,0x89693138,0x8d340000)
 Metaspace       used 23030K, capacity 23678K, committed 23680K, reserved 23856K
}
Event: 13,038 GC heap before
{Heap before GC invocations=11 (full 1):
 PSYoungGen      total 153344K, used 153340K [0x9c580000, 0xa7000000, 0xa7000000)
  eden space 134144K, 100% used [0x9c580000,0xa4880000,0xa4880000)
  from space 19200K, 99% used [0xa4880000,0xa5b3f310,0xa5b40000)
  to   space 21248K, 0% used [0xa5b40000,0xa5b40000,0xa7000000)
 ParOldGen       total 101632K, used 39500K [0x87000000, 0x8d340000, 0x9c580000)
  object space 101632K, 38% used [0x87000000,0x89693138,0x8d340000)
 Metaspace       used 24871K, capacity 25575K, committed 25600K, reserved 25904K
Event: 13,142 GC heap after
Heap after GC invocations=11 (full 1):
 PSYoungGen      total 144128K, used 21243K [0x9c580000, 0xa7000000, 0xa7000000)
  eden space 122880K, 0% used [0x9c580000,0x9c580000,0xa3d80000)
  from space 21248K, 99% used [0xa5b40000,0xa6ffed40,0xa7000000)
  to   space 25856K, 0% used [0xa3d80000,0xa3d80000,0xa56c0000)
 ParOldGen       total 101632K, used 44755K [0x87000000, 0x8d340000, 0x9c580000)
  object space 101632K, 44% used [0x87000000,0x89bb4fa8,0x8d340000)
 Metaspace       used 24871K, capacity 25575K, committed 25600K, reserved 25904K
}
Event: 14,234 GC heap before
{Heap before GC invocations=12 (full 1):
 PSYoungGen      total 144128K, used 106795K [0x9c580000, 0xa7000000, 0xa7000000)
  eden space 122880K, 69% used [0x9c580000,0xa190c098,0xa3d80000)
  from space 21248K, 99% used [0xa5b40000,0xa6ffed40,0xa7000000)
  to   space 25856K, 0% used [0xa3d80000,0xa3d80000,0xa56c0000)
 ParOldGen       total 101632K, used 44755K [0x87000000, 0x8d340000, 0x9c580000)
  object space 101632K, 44% used [0x87000000,0x89bb4fa8,0x8d340000)
 Metaspace       used 26544K, capacity 27286K, committed 27308K, reserved 27952K
Event: 14,326 GC heap after
Heap after GC invocations=12 (full 1):
 PSYoungGen      total 147200K, used 24171K [0x9c580000, 0xa7000000, 0xa7000000)
  eden space 122880K, 0% used [0x9c580000,0x9c580000,0xa3d80000)
  from space 24320K, 99% used [0xa3d80000,0xa551afb0,0xa5540000)
  to   space 27392K, 0% used [0xa5540000,0xa5540000,0xa7000000)
 ParOldGen       total 101632K, used 48664K [0x87000000, 0x8d340000, 0x9c580000)
  object space 101632K, 47% used [0x87000000,0x89f861a0,0x8d340000)
 Metaspace       used 26544K, capacity 27286K, committed 27308K, reserved 27952K
}
Event: 14,326 GC heap before
{Heap before GC invocations=13 (full 2):
 PSYoungGen      total 147200K, used 24171K [0x9c580000, 0xa7000000, 0xa7000000)
  eden space 122880K, 0% used [0x9c580000,0x9c580000,0xa3d80000)
  from space 24320K, 99% used [0xa3d80000,0xa551afb0,0xa5540000)
  to   space 27392K, 0% used [0xa5540000,0xa5540000,0xa7000000)
 ParOldGen       total 101632K, used 48664K [0x87000000, 0x8d340000, 0x9c580000)
  object space 101632K, 47% used [0x87000000,0x89f861a0,0x8d340000)
 Metaspace       used 26544K, capacity 27286K, committed 27308K, reserved 27952K

Deoptimization events (10 events):
Event: 8,418 Thread 0x8278a400 Uncommon trap: reason=class_check action=maybe_recompile pc=0xa7cbd7b8 method=java.lang.Throwable.<init>(Ljava/lang/String;Ljava/lang/Throwable;)V @ 24
Event: 10,132 Thread 0x090c4400 Uncommon trap: reason=unreached action=reinterpret pc=0xa78fca30 method=org.jboss.vfs.spi.JavaZipFileSystem$ZipNode.find(Lorg/jboss/vfs/VirtualFile;Lorg/jboss/vfs/VirtualFile;)Lorg/jboss/vfs/spi/JavaZipFileSystem$ZipNode; @ 34
Event: 10,311 Thread 0x090c4400 Uncommon trap: reason=unreached action=reinterpret pc=0xa77ddfcc method=java.util.HashMap.getNode(ILjava/lang/Object;)Ljava/util/HashMap$Node; @ 84
Event: 10,311 Thread 0x090c4400 Uncommon trap: reason=unreached action=reinterpret pc=0xa772ab60 method=java.util.HashMap.getNode(ILjava/lang/Object;)Ljava/util/HashMap$Node; @ 84
Event: 10,429 Thread 0x090c4400 Uncommon trap: reason=unreached action=reinterpret pc=0xa77c32b0 method=java.util.HashMap.putVal(ILjava/lang/Object;Ljava/lang/Object;ZZ)Ljava/lang/Object; @ 109
Event: 10,463 Thread 0x090c4400 Uncommon trap: reason=unreached action=reinterpret pc=0xa77bf580 method=java.util.HashMap.putVal(ILjava/lang/Object;Ljava/lang/Object;ZZ)Ljava/lang/Object; @ 109
Event: 10,861 Thread 0x090c4400 Uncommon trap: reason=unloaded action=reinterpret pc=0xa76ba340 method=java.lang.CharacterData.of(I)Ljava/lang/CharacterData; @ 96
Event: 11,584 Thread 0x090c4400 Uncommon trap: reason=unreached action=reinterpret pc=0xa7c41660 method=java.lang.StringBuffer.toString()Ljava/lang/String; @ 4
Event: 13,634 Thread 0x090c4400 Uncommon trap: reason=unreached action=reinterpret pc=0xa7a799f0 method=org.jboss.vfs.spi.JavaZipFileSystem.isDirectory(Lorg/jboss/vfs/VirtualFile;Lorg/jboss/vfs/VirtualFile;)Z @ 11
Event: 13,817 Thread 0x090c4400 Uncommon trap: reason=unreached action=reinterpret pc=0xa7b1bc38 method=org.jboss.vfs.spi.JavaZipFileSystem.isDirectory(Lorg/jboss/vfs/VirtualFile;Lorg/jboss/vfs/VirtualFile;)Z @ 11

Internal exceptions (10 events):
Event: 13,883 Thread 0x090c4400 Exception <a 'java/security/PrivilegedActionException'> (0x9fb22328) thrown at [/HUDSON/workspace/8-2-build-linux-i586/jdk8u25/1514/hotspot/src/share/vm/prims/jvm.cpp, line 1312]
Event: 13,907 Thread 0x090c4400 Exception <a 'java/security/PrivilegedActionException'> (0x9fd4fe68) thrown at [/HUDSON/workspace/8-2-build-linux-i586/jdk8u25/1514/hotspot/src/share/vm/prims/jvm.cpp, line 1312]
Event: 13,907 Thread 0x090c4400 Exception <a 'java/security/PrivilegedActionException'> (0x9fd50de0) thrown at [/HUDSON/workspace/8-2-build-linux-i586/jdk8u25/1514/hotspot/src/share/vm/prims/jvm.cpp, line 1312]
Event: 13,907 Thread 0x090c4400 Exception <a 'java/security/PrivilegedActionException'> (0x9fd53dc0) thrown at [/HUDSON/workspace/8-2-build-linux-i586/jdk8u25/1514/hotspot/src/share/vm/prims/jvm.cpp, line 1312]
Event: 13,915 Thread 0x090c4400 Exception <a 'java/security/PrivilegedActionException'> (0x9fdfc1a8) thrown at [/HUDSON/workspace/8-2-build-linux-i586/jdk8u25/1514/hotspot/src/share/vm/prims/jvm.cpp, line 1312]
Event: 13,915 Thread 0x090c4400 Exception <a 'java/security/PrivilegedActionException'> (0x9fdfd090) thrown at [/HUDSON/workspace/8-2-build-linux-i586/jdk8u25/1514/hotspot/src/share/vm/prims/jvm.cpp, line 1312]
Event: 13,915 Thread 0x090c4400 Exception <a 'java/security/PrivilegedActionException'> (0x9fdff8b0) thrown at [/HUDSON/workspace/8-2-build-linux-i586/jdk8u25/1514/hotspot/src/share/vm/prims/jvm.cpp, line 1312]
Event: 13,921 Thread 0x090c4400 Exception <a 'java/security/PrivilegedActionException'> (0x9fe660a0) thrown at [/HUDSON/workspace/8-2-build-linux-i586/jdk8u25/1514/hotspot/src/share/vm/prims/jvm.cpp, line 1312]
Event: 13,921 Thread 0x090c4400 Exception <a 'java/security/PrivilegedActionException'> (0x9fe67030) thrown at [/HUDSON/workspace/8-2-build-linux-i586/jdk8u25/1514/hotspot/src/share/vm/prims/jvm.cpp, line 1312]
Event: 13,921 Thread 0x090c4400 Exception <a 'java/security/PrivilegedActionException'> (0x9fe6a110) thrown at [/HUDSON/workspace/8-2-build-linux-i586/jdk8u25/1514/hotspot/src/share/vm/prims/jvm.cpp, line 1312]

Events (10 events):
Event: 14,060 loading class java/sql/ResultSet done
Event: 14,060 loading class java/sql/ResultSetMetaData
Event: 14,060 loading class java/sql/ResultSetMetaData done
Event: 14,081 Thread 0x090c4400 DEOPT PACKING pc=0xa826ded2 sp=0x84ca5ef0
Event: 14,081 Thread 0x090c4400 DEOPT UNPACKING pc=0xa75ed310 sp=0x84ca5d80 mode 0
Event: 14,123 loading class java/util/concurrent/CancellationException
Event: 14,123 loading class java/util/concurrent/CancellationException done
Event: 14,167 Executing VM operation: Deoptimize
Event: 14,168 Executing VM operation: Deoptimize done
Event: 14,234 Executing VM operation: CollectForMetadataAllocation


Dynamic libraries:
08048000-08049000 r-xp 00000000 08:02 2234754    /opt/jdk1.8_java/bin/java
08049000-0804a000 rw-p 00000000 08:02 2234754    /opt/jdk1.8_java/bin/java
08ccd000-09cf6000 rw-p 00000000 00:00 0          [heap]
80a17000-80d00000 rw-p 00000000 00:00 0 
80d00000-80da5000 rw-p 00000000 00:00 0 
80da5000-80e00000 ---p 00000000 00:00 0 
80e15000-80f00000 rw-p 00000000 00:00 0 
80f00000-810fc000 rw-p 00000000 00:00 0 
810fc000-81100000 ---p 00000000 00:00 0 
81100000-811fc000 rw-p 00000000 00:00 0 
811fc000-81200000 ---p 00000000 00:00 0 
8122c000-81335000 rw-p 00000000 00:00 0 
81335000-813ca000 ---p 00000000 00:00 0 
813ca000-814ca000 rw-p 00000000 00:00 0 
814ca000-814e2000 r--s 001b1000 08:01 2887874    /home/java01/Desktop/jboss/server/default/deployers/jsf.deployer/Mojarra-2.0/jsf-libs/jsf-impl-2.0.3-b05.jar
814e2000-814fe000 r-xp 00000000 08:03 787380     /lib/i386-linux-gnu/libgcc_s.so.1
814fe000-814ff000 r--p 0001b000 08:03 787380     /lib/i386-linux-gnu/libgcc_s.so.1
814ff000-81500000 rw-p 0001c000 08:03 787380     /lib/i386-linux-gnu/libgcc_s.so.1
81500000-815fc000 rw-p 00000000 00:00 0 
815fc000-81600000 ---p 00000000 00:00 0 
81600000-81700000 rw-p 00000000 00:00 0 
81700000-817fe000 rw-p 00000000 00:00 0 
817fe000-81800000 ---p 00000000 00:00 0 
81800000-81900000 rw-p 00000000 00:00 0 
81900000-819fd000 rw-p 00000000 00:00 0 
819fd000-81a00000 ---p 00000000 00:00 0 
81a15000-81aed000 r-xp 00000000 08:03 923776     /usr/lib/i386-linux-gnu/libstdc++.so.6.0.16
81aed000-81aee000 ---p 000d8000 08:03 923776     /usr/lib/i386-linux-gnu/libstdc++.so.6.0.16
81aee000-81af2000 r--p 000d8000 08:03 923776     /usr/lib/i386-linux-gnu/libstdc++.so.6.0.16
81af2000-81af3000 rw-p 000dc000 08:03 923776     /usr/lib/i386-linux-gnu/libstdc++.so.6.0.16
81af3000-81afa000 rw-p 00000000 00:00 0 
81afa000-81afb000 r-xp 00000000 08:03 790438     /lib/i386-linux-gnu/libaio.so.1.0.1
81afb000-81afc000 r--p 00000000 08:03 790438     /lib/i386-linux-gnu/libaio.so.1.0.1
81afc000-81afd000 rw-p 00001000 08:03 790438     /lib/i386-linux-gnu/libaio.so.1.0.1
81afd000-81b00000 r--s 0001c000 08:01 2097420    /home/java01/Desktop/jboss/server/default/tmp/vfs/automount5ccf80245fd42fbe/xnio-nio.jar-53dab5ad3131359d/xnio-nio.jar
81b00000-81bff000 rw-p 00000000 00:00 0 
81bff000-81c00000 ---p 00000000 00:00 0 
81c00000-81d00000 rw-p 00000000 00:00 0 
81d00000-81e00000 rw-p 00000000 00:00 0 
81e00000-81e3f000 rw-p 00000000 00:00 0 
81e3f000-81f00000 ---p 00000000 00:00 0 
81f00000-81ffe000 rw-p 00000000 00:00 0 
81ffe000-82000000 ---p 00000000 00:00 0 
82000000-82100000 rw-p 00000000 00:00 0 
82100000-82200000 rw-p 00000000 00:00 0 
82200000-822fe000 rw-p 00000000 00:00 0 
822fe000-82300000 ---p 00000000 00:00 0 
82308000-8230a000 rw-p 00000000 00:00 0 
8230a000-82315000 r--s 0008a000 08:01 2887873    /home/java01/Desktop/jboss/server/default/deployers/jsf.deployer/Mojarra-2.0/jsf-libs/jsf-api-2.0.3-b05.jar
82315000-82317000 r--s 00004000 08:01 2887872    /home/java01/Desktop/jboss/server/default/deployers/jsf.deployer/Mojarra-2.0/jsf-libs/jboss-faces.jar
82317000-82320000 r-xp 00000000 08:01 2886295    /home/java01/Desktop/jboss/bin/native/lib/libHornetQAIO32.so
82320000-82321000 rw-p 00008000 08:01 2886295    /home/java01/Desktop/jboss/bin/native/lib/libHornetQAIO32.so
82321000-82322000 r--s 00002000 08:01 2097516    /home/java01/Desktop/jboss/server/default/tmp/vfs/automount5ccf80245fd42fbe/quartz-ra.jar-52e9d52cee051017/quartz-ra.jar
82322000-82323000 r--s 00002000 08:01 2097513    /home/java01/Desktop/jboss/server/default/tmp/vfs/automount5ccf80245fd42fbe/quartz-ra.rar-d872d1f2b24af065/quartz-ra.rar
82323000-82328000 r--s 0002a000 08:01 2097510    /home/java01/Desktop/jboss/server/default/tmp/vfs/automount5ccf80245fd42fbe/mod_cluster.jar-24cb9d31a7da5290/mod_cluster.jar
82328000-82331000 r--s 00058000 08:01 2097481    /home/java01/Desktop/jboss/server/default/tmp/vfs/automount5ccf80245fd42fbe/blog-war-1.0-SNAPSHOT.war-e00def0e5cb10412/WEB-INF/lib/standard-1.1.2.jar
82331000-82333000 r--s 00004000 08:01 2097480    /home/java01/Desktop/jboss/server/default/tmp/vfs/automount5ccf80245fd42fbe/blog-war-1.0-SNAPSHOT.war-e00def0e5cb10412/WEB-INF/lib/jstl-1.1.2.jar
82333000-82336000 r--s 00004000 08:01 2097461    /home/java01/Desktop/jboss/server/default/tmp/vfs/automount5ccf80245fd42fbe/blog-ejb-1.0-SNAPSHOT.jar-2db7a7586602ca7d/blog-ejb-1.0-SNAPSHOT.jar
82336000-82338000 r--s 00061000 08:01 2097458    /home/java01/Desktop/jboss/server/default/tmp/vfs/automount5ccf80245fd42fbe/blog.ear-5138fecfb4b99f68/blog.ear
82338000-82340000 r--s 0005d000 08:01 2887961    /home/java01/Desktop/jboss/server/default/deploy/jbossweb.sar/jboss-web-service.jar
82340000-8235d000 r--s 0020c000 08:01 2887957    /home/java01/Desktop/jboss/server/default/deploy/jbossweb.sar/jbossweb.jar
8235d000-82366000 r--s 00062000 08:01 2887963    /home/java01/Desktop/jboss/server/default/deploy/jbossweb.sar/jstl.jar
82366000-82373000 r--s 00167000 08:01 2887958    /home/java01/Desktop/jboss/server/default/deploy/jbossweb.sar/jasper-jdt.jar
82373000-82374000 r--s 00003000 08:01 2097447    /home/java01/Desktop/jboss/server/default/tmp/vfs/automount5ccf80245fd42fbe/jboss-xa-jdbc.jar-ef9338b6c46cd597/jboss-xa-jdbc.jar
82374000-82375000 r--s 00003000 08:01 2097444    /home/java01/Desktop/jboss/server/default/tmp/vfs/automount5ccf80245fd42fbe/jboss-xa-jdbc.rar-6bcbd08700943bb2/jboss-xa-jdbc.rar
82375000-82377000 r--s 00018000 08:01 2097438    /home/java01/Desktop/jboss/server/default/tmp/vfs/automount5ccf80245fd42fbe/hornetq-ra.jar-c31fa35f0c9e25b3/hornetq-ra.jar
82377000-8237a000 ---p 00000000 00:00 0 
8237a000-824c8000 rw-p 00000000 00:00 0 
824c8000-824cd000 r-xp 00000000 08:03 923260     /usr/lib/i386-linux-gnu/libXdmcp.so.6.0.0
824cd000-824ce000 r--p 00004000 08:03 923260     /usr/lib/i386-linux-gnu/libXdmcp.so.6.0.0
824ce000-824cf000 rw-p 00005000 08:03 923260     /usr/lib/i386-linux-gnu/libXdmcp.so.6.0.0
824cf000-824ee000 r-xp 00000000 08:03 923654     /usr/lib/i386-linux-gnu/libxcb.so.1.1.0
824ee000-824ef000 r--p 0001f000 08:03 923654     /usr/lib/i386-linux-gnu/libxcb.so.1.1.0
824ef000-824f0000 rw-p 00020000 08:03 923654     /usr/lib/i386-linux-gnu/libxcb.so.1.1.0
824f0000-824fe000 r-xp 00000000 08:03 923268     /usr/lib/i386-linux-gnu/libXi.so.6.1.0
824fe000-824ff000 r--p 0000d000 08:03 923268     /usr/lib/i386-linux-gnu/libXi.so.6.1.0
824ff000-82500000 rw-p 0000e000 08:03 923268     /usr/lib/i386-linux-gnu/libXi.so.6.1.0
82500000-82600000 rw-p 00000000 00:00 0 
82600000-826ff000 rw-p 00000000 00:00 0 
826ff000-82700000 ---p 00000000 00:00 0 
82700000-827ed000 rw-p 00000000 00:00 0 
827ed000-82800000 ---p 00000000 00:00 0 
82800000-82900000 rw-p 00000000 00:00 0 
82900000-82901000 r--s 00001000 08:01 2097441    /home/java01/Desktop/jboss/server/default/tmp/vfs/automount5ccf80245fd42fbe/jboss-ejb3-embedded-impl-as.jar-78a84e14f0092e68/jboss-ejb3-embedded-impl-as.jar
82901000-82902000 r--s 00003000 08:01 2097435    /home/java01/Desktop/jboss/server/default/tmp/vfs/automount5ccf80245fd42fbe/mail-ra.jar-89d68249288578d2/mail-ra.jar
82902000-82907000 r-xp 00000000 08:03 923286     /usr/lib/i386-linux-gnu/libXtst.so.6.1.0
82907000-82908000 r--p 00004000 08:03 923286     /usr/lib/i386-linux-gnu/libXtst.so.6.1.0
82908000-82909000 rw-p 00005000 08:03 923286     /usr/lib/i386-linux-gnu/libXtst.so.6.1.0
82909000-82a39000 r-xp 00000000 08:03 923771     /usr/lib/i386-linux-gnu/libX11.so.6.3.0
82a39000-82a3a000 r--p 0012f000 08:03 923771     /usr/lib/i386-linux-gnu/libX11.so.6.3.0
82a3a000-82a3c000 rw-p 00130000 08:03 923771     /usr/lib/i386-linux-gnu/libX11.so.6.3.0
82a3c000-82a3d000 rw-p 00000000 00:00 0 
82a3d000-82a4d000 r-xp 00000000 08:03 923262     /usr/lib/i386-linux-gnu/libXext.so.6.4.0
82a4d000-82a4e000 r--p 0000f000 08:03 923262     /usr/lib/i386-linux-gnu/libXext.so.6.4.0
82a4e000-82a4f000 rw-p 00010000 08:03 923262     /usr/lib/i386-linux-gnu/libXext.so.6.4.0
82a4f000-82ad5000 r-xp 00000000 08:02 2235017    /opt/jdk1.8_java/jre/lib/i386/libawt.so
82ad5000-82adc000 rw-p 00086000 08:02 2235017    /opt/jdk1.8_java/jre/lib/i386/libawt.so
82adc000-82c00000 rw-p 00000000 00:00 0 
82c00000-82cfa000 rw-p 00000000 00:00 0 
82cfa000-82d00000 ---p 00000000 00:00 0 
82d00000-82dfb000 rw-p 00000000 00:00 0 
82dfb000-82e00000 ---p 00000000 00:00 0 
82e00000-82ef8000 rw-p 00000000 00:00 0 
82ef8000-82f00000 ---p 00000000 00:00 0 
82f00000-82f01000 r--s 00003000 08:01 2097432    /home/java01/Desktop/jboss/server/default/tmp/vfs/automount5ccf80245fd42fbe/mail-ra.rar-c38390e2ec07ea9f/mail-ra.rar
82f01000-82f03000 r-xp 00000000 08:03 923249     /usr/lib/i386-linux-gnu/libXau.so.6.0.0
82f03000-82f04000 r--p 00001000 08:03 923249     /usr/lib/i386-linux-gnu/libXau.so.6.0.0
82f04000-82f05000 rw-p 00002000 08:03 923249     /usr/lib/i386-linux-gnu/libXau.so.6.0.0
82f05000-82f0d000 r-xp 00000000 08:03 923282     /usr/lib/i386-linux-gnu/libXrender.so.1.3.0
82f0d000-82f0e000 r--p 00007000 08:03 923282     /usr/lib/i386-linux-gnu/libXrender.so.1.3.0
82f0e000-82f0f000 rw-p 00008000 08:03 923282     /usr/lib/i386-linux-gnu/libXrender.so.1.3.0
82f0f000-82f10000 r--s 00003000 08:01 2097429    /home/java01/Desktop/jboss/server/default/tmp/vfs/automount5ccf80245fd42fbe/jboss-local-jdbc.jar-ab8a30fb1fc36832/jboss-local-jdbc.jar
82f10000-82f11000 r--s 00004000 08:01 2097426    /home/java01/Desktop/jboss/server/default/tmp/vfs/automount5ccf80245fd42fbe/jboss-local-jdbc.rar-2bf526e4aa4f55b7/jboss-local-jdbc.rar
82f11000-82f12000 r--s 00002000 08:01 2097423    /home/java01/Desktop/jboss/server/default/tmp/vfs/automount5ccf80245fd42fbe/shrinkwrap-extension-vdf.jar-bd3dab88bd46058b/shrinkwrap-extension-vdf.jar
82f12000-82f25000 r--s 00344000 08:02 2234913    /opt/jdk1.8_java/jre/lib/resources.jar
82f25000-82f72000 r-xp 00000000 08:02 2235019    /opt/jdk1.8_java/jre/lib/i386/libawt_xawt.so
82f72000-82f74000 rw-p 0004c000 08:02 2235019    /opt/jdk1.8_java/jre/lib/i386/libawt_xawt.so
82f74000-82f75000 rw-p 00000000 00:00 0 
82f75000-82f7a000 r--s 002f8000 08:02 2234877    /opt/jdk1.8_java/jre/lib/charsets.jar
82f7a000-82f96000 r--s 00393000 08:02 2234995    /opt/jdk1.8_java/jre/lib/ext/cldrdata.jar
82f96000-82f99000 ---p 00000000 00:00 0 
82f99000-82fe7000 rw-p 00000000 00:00 0 
82fe7000-82fe8000 r--s 00003000 08:01 2887869    /home/java01/Desktop/jboss/server/default/deployers/jsf.deployer/jboss-jsf-deployer-impl.jar
82fe8000-82fee000 r--s 0003a000 08:01 2097409    /home/java01/Desktop/jboss/server/default/tmp/vfs/automount5ccf80245fd42fbe/snakeyaml-1.8.jar-5fb69698dc6120c2/snakeyaml-1.8.jar
82fee000-82fef000 r--s 00004000 08:01 2097406    /home/java01/Desktop/jboss/server/default/tmp/vfs/automount5ccf80245fd42fbe/jboss-as-resteasy-6.1.0.Final.jar-241b35d7b2ab4428/jboss-as-resteasy-6.1.0.Final.jar
82fef000-82ff4000 r--s 0004d000 08:01 2097403    /home/java01/Desktop/jboss/server/default/tmp/vfs/automount5ccf80245fd42fbe/sjsxp-1.0.1.jar-834523af7ef643a/sjsxp-1.0.1.jar
82ff4000-82ff5000 r--s 00001000 08:01 2097400    /home/java01/Desktop/jboss/server/default/tmp/vfs/automount5ccf80245fd42fbe/resteasy-yaml-provider-2.2.1.GA.jar-4570cc7d047a2d5a/resteasy-yaml-provider-2.2.1.GA.jar
82ff5000-82ff9000 r--s 0002e000 08:01 2097397    /home/java01/Desktop/jboss/server/default/tmp/vfs/automount5ccf80245fd42fbe/jackson-core-asl-1.6.3.jar-ab2766919ccd6da7/jackson-core-asl-1.6.3.jar
82ff9000-83000000 r--s 00065000 08:01 2097394    /home/java01/Desktop/jboss/server/default/tmp/vfs/automount5ccf80245fd42fbe/mail-1.4.2.jar-619212774b7be9d5/mail-1.4.2.jar
83000000-830f9000 rw-p 00000000 00:00 0 
830f9000-83100000 ---p 00000000 00:00 0 
83100000-83101000 r--s 00003000 08:01 2097415    /home/java01/Desktop/jboss/server/default/tmp/vfs/automount5ccf80245fd42fbe/jboss-ejb3-metrics-deployer.jar-a0f28c1b738d1a0/jboss-ejb3-metrics-deployer.jar
83101000-83103000 r--s 00001000 08:01 2097412    /home/java01/Desktop/jboss/server/default/tmp/vfs/automount5ccf80245fd42fbe/beanvalidation-deployers-1.0.0-Beta-1.jar-838185742392a8c0/beanvalidation-deployers-1.0.0-Beta-1.jar
83103000-83104000 r--s 00000000 08:01 2097391    /home/java01/Desktop/jboss/server/default/tmp/vfs/automount5ccf80245fd42fbe/jcip-annotations-1.0.jar-7d5b2c3b0181dc4b/jcip-annotations-1.0.jar
83104000-83106000 r--s 00000000 08:01 2097388    /home/java01/Desktop/jboss/server/default/tmp/vfs/automount5ccf80245fd42fbe/resteasy-jackson-provider-2.2.1.GA.jar-42606b4d021ffa7d/resteasy-jackson-provider-2.2.1.GA.jar
83106000-83108000 r--s 0000c000 08:01 2097385    /home/java01/Desktop/jboss/server/default/tmp/vfs/automount5ccf80245fd42fbe/commons-logging-1.1.0.jboss.jar-2aea9706dad91c8b/commons-logging-1.1.0.jboss.jar
83108000-8310a000 r--s 0000a000 08:01 2097382    /home/java01/Desktop/jboss/server/default/tmp/vfs/automount5ccf80245fd42fbe/commons-codec-1.3.jar-b8004a7adaa8e31a/commons-codec-1.3.jar
8310a000-8310c000 r--s 00006000 08:01 2097379    /home/java01/Desktop/jboss/server/default/tmp/vfs/automount5ccf80245fd42fbe/resteasy-jettison-provider-2.2.1.GA.jar-2ed537baf1bf772/resteasy-jettison-provider-2.2.1.GA.jar
8310c000-8310e000 r--s 00003000 08:01 2097376    /home/java01/Desktop/jboss/server/default/tmp/vfs/automount5ccf80245fd42fbe/resteasy-cdi-2.2.1.GA.jar-16d778efe8e0c1d8/resteasy-cdi-2.2.1.GA.jar
8310e000-8311a000 r--s 00083000 08:01 2097373    /home/java01/Desktop/jboss/server/default/tmp/vfs/automount5ccf80245fd42fbe/resteasy-jaxrs-2.2.1.GA.jar-6684b453adf1b22d/resteasy-jaxrs-2.2.1.GA.jar
8311a000-8312c000 r--s 000c6000 08:01 2097370    /home/java01/Desktop/jboss/server/default/tmp/vfs/automount5ccf80245fd42fbe/jaxb-impl-2.2.jar-ad8e2a8eabe076c7/jaxb-impl-2.2.jar
8312c000-8312e000 r--s 0000f000 08:01 2097367    /home/java01/Desktop/jboss/server/default/tmp/vfs/automount5ccf80245fd42fbe/resteasy-multipart-provider-2.2.1.GA.jar-305e6ff9eb4bbd8e/resteasy-multipart-provider-2.2.1.GA.jar
8312e000-83138000 r--s 0007b000 08:01 2097364    /home/java01/Desktop/jboss/server/default/tmp/vfs/automount5ccf80245fd42fbe/jackson-mapper-asl-1.6.3.jar-62c8e3aecc675b5a/jackson-mapper-asl-1.6.3.jar
83138000-8313a000 r--s 00003000 08:01 2097361    /home/java01/Desktop/jboss/server/default/tmp/vfs/automount5ccf80245fd42fbe/jackson-jaxrs-1.6.3.jar-55032e11a5f8f58c/jackson-jaxrs-1.6.3.jar
8313a000-8313f000 r--s 00026000 08:01 2097358    /home/java01/Desktop/jboss/server/default/tmp/vfs/automount5ccf80245fd42fbe/httpcore-4.0.1.jar-1912e9d0a8189ea/httpcore-4.0.1.jar
8313f000-83140000 r--s 00004000 08:01 2097355    /home/java01/Desktop/jboss/server/default/tmp/vfs/automount5ccf80245fd42fbe/scannotation-1.0.3.jar-5f86e4ef04be70bf/scannotation-1.0.3.jar
83140000-83143000 r--s 0000d000 08:01 2097352    /home/java01/Desktop/jboss/server/default/tmp/vfs/automount5ccf80245fd42fbe/resteasy-jaxb-provider-2.2.1.GA.jar-6aa32116f37ab533/resteasy-jaxb-provider-2.2.1.GA.jar
83143000-83145000 r--s 0000a000 08:01 2097349    /home/java01/Desktop/jboss/server/default/tmp/vfs/automount5ccf80245fd42fbe/jaxrs-api-2.2.1.GA.jar-a971071d6f13dfe7/jaxrs-api-2.2.1.GA.jar
83145000-8314e000 r--s 00096000 08:01 2097346    /home/java01/Desktop/jboss/server/default/tmp/vfs/automount5ccf80245fd42fbe/javassist-3.12.1.GA.jar-e815b1d08f5b8fd3/javassist-3.12.1.GA.jar
8314e000-8314f000 r--s 00006000 08:01 2097343    /home/java01/Desktop/jboss/server/default/tmp/vfs/automount5ccf80245fd42fbe/resteasy-atom-provider-2.2.1.GA.jar-3ff280d758e17d64/resteasy-atom-provider-2.2.1.GA.jar
8314f000-83156000 r--s 00042000 08:01 2097340    /home/java01/Desktop/jboss/server/default/tmp/vfs/automount5ccf80245fd42fbe/httpclient-4.0.3.jar-4013ddf2436fc3d0/httpclient-4.0.3.jar
83156000-83157000 r--s 00001000 08:01 2097337    /home/java01/Desktop/jboss/server/default/tmp/vfs/automount5ccf80245fd42fbe/async-http-servlet-3.0-2.2.1.GA.jar-53bf859002dd8cbc/async-http-servlet-3.0-2.2.1.GA.jar
83157000-83159000 r--s 00010000 08:01 2097334    /home/java01/Desktop/jboss/server/default/tmp/vfs/automount5ccf80245fd42fbe/jettison-1.2.jar-da9c9e95ad927a11/jettison-1.2.jar
83159000-83160000 r--s 0004f000 08:01 2097331    /home/java01/Desktop/jboss/server/default/tmp/vfs/automount5ccf80245fd42fbe/apache-mime4j-0.6.jar-d4232d6c53676a1a/apache-mime4j-0.6.jar
83160000-83161000 r--s 00007000 08:01 2097328    /home/java01/Desktop/jboss/server/default/tmp/vfs/automount5ccf80245fd42fbe/jackson-xc-1.6.3.jar-5d7fae4b3a3f71e2/jackson-xc-1.6.3.jar
83161000-83162000 r--s 00000000 08:01 2097325    /home/java01/Desktop/jboss/server/default/tmp/vfs/automount5ccf80245fd42fbe/jbossws-native-factories.jar-7122e2c585fe29cc/jbossws-native-factories.jar
83162000-83164000 r--s 00000000 08:01 2097322    /home/java01/Desktop/jboss/server/default/tmp/vfs/automount5ccf80245fd42fbe/jbossws-native-services.jar-890d1e95ada6a873/jbossws-native-services.jar
83164000-83173000 r--s 000ad000 08:01 2887815    /home/java01/Desktop/jboss/server/default/deployers/weld.deployer/weld-core-no-jsf.jar
83173000-83186000 r--s 000d5000 08:01 2887820    /home/java01/Desktop/jboss/server/default/deployers/weld.deployer/guava.jar
83186000-83188000 r--s 00009000 08:01 2887819    /home/java01/Desktop/jboss/server/default/deployers/weld.deployer/slf4j-ext.jar
83188000-8318a000 r--s 00002000 08:01 2887813    /home/java01/Desktop/jboss/server/default/deployers/weld.deployer/weld-int-deployer-mc-int.jar
8318a000-8318d000 r--s 0000b000 08:01 2887814    /home/java01/Desktop/jboss/server/default/deployers/weld.deployer/weld-spi.jar
8318d000-83192000 r--s 00021000 08:01 2887818    /home/java01/Desktop/jboss/server/default/deployers/weld.deployer/weld-int-deployer.jar
83192000-83194000 r--s 00009000 08:01 2887816    /home/java01/Desktop/jboss/server/default/deployers/weld.deployer/weld-int-ejb.jar
83194000-83196000 r--s 00006000 08:01 2887817    /home/java01/Desktop/jboss/server/default/deployers/weld.deployer/cal10n-api.jar
83196000-83197000 r--s 00002000 08:01 2097303    /home/java01/Desktop/jboss/server/default/tmp/vfs/automount5ccf80245fd42fbe/jboss-ejb3-endpoint-deployer.jar-ade607cab919217b/jboss-ejb3-endpoint-deployer.jar
83197000-83199000 r--s 0000a000 08:01 2097300    /home/java01/Desktop/jboss/server/default/tmp/vfs/automount5ccf80245fd42fbe/jboss-threads-metadata.jar-c5277de38a85c65e/jboss-threads-metadata.jar
83199000-8319a000 r--s 00001000 08:01 2097297    /home/java01/Desktop/jboss/server/default/tmp/vfs/automount5ccf80245fd42fbe/jboss-ejb3-timerservice-deployer.jar-229fff26e46be6d5/jboss-ejb3-timerservice-deployer.jar
8319a000-8319d000 r--s 00017000 08:01 2097292    /home/java01/Desktop/jboss/server/default/tmp/vfs/automount5ccf80245fd42fbe/jbossws-cxf-server.jar-25fac1498f27eca3/jbossws-cxf-server.jar
8319d000-8319f000 r--s 00002000 08:01 2097290    /home/java01/Desktop/jboss/server/default/tmp/vfs/automount5ccf80245fd42fbe/jbossws-cxf-transports-httpserver.jar-92a43354d392800b/jbossws-cxf-transports-httpserver.jar
8319f000-831a0000 r--s 00000000 08:01 2097288    /home/java01/Desktop/jboss/server/default/tmp/vfs/automount5ccf80245fd42fbe/jbossws-cxf-factories.jar-85cdb363d62181c/jbossws-cxf-factories.jar
831a0000-831a3000 r--s 0000e000 08:01 2097285    /home/java01/Desktop/jboss/server/default/tmp/vfs/automount5ccf80245fd42fbe/jbossws-cxf-client.jar-bb0b214844112d8c/jbossws-cxf-client.jar
831a3000-831a4000 r--s 00003000 08:01 2887749    /home/java01/Desktop/jboss/server/default/deployers/jbossweb.deployer/jboss-web-deployer.jar
831a4000-831a5000 r--s 00009000 08:01 2097280    /home/java01/Desktop/jboss/server/default/tmp/vfs/automount5ccf80245fd42fbe/xnio-metadata.jar-9046969fab697b67/xnio-metadata.jar
831a5000-831a6000 r--s 00000000 08:01 2097277    /home/java01/Desktop/jboss/server/default/tmp/vfs/automount5ccf80245fd42fbe/pluggable-instrumentor.jar-1eb5993c4abe4625/pluggable-instrumentor.jar
831a6000-831aa000 r--s 00016000 08:01 2097274    /home/java01/Desktop/jboss/server/default/tmp/vfs/automount5ccf80245fd42fbe/jboss-aop-aspects.jar-12b7118b180643cd/jboss-aop-aspects.jar
831aa000-831ae000 r--s 0001b000 08:01 2097271    /home/java01/Desktop/jboss/server/default/tmp/vfs/automount5ccf80245fd42fbe/jboss-as-aspects-jboss-aspect-library.jar-878186e021bc292c/jboss-as-aspects-jboss-aspect-library.jar
831ae000-831af000 r--s 00003000 08:01 2097268    /home/java01/Desktop/jboss/server/default/tmp/vfs/automount5ccf80245fd42fbe/bsh-deployer.jar-ac37a8d68b6d0809/bsh-deployer.jar
831af000-831b2000 r--s 00016000 08:01 2097265    /home/java01/Desktop/jboss/server/default/tmp/vfs/automount5ccf80245fd42fbe/jboss-as-ejb3-deployer.jar-ec69a17be52bd3e4/jboss-as-ejb3-deployer.jar
831b2000-831b4000 r--s 00001000 08:01 2097262    /home/java01/Desktop/jboss/server/default/tmp/vfs/automount5ccf80245fd42fbe/jboss-jpa-mcint.jar-2bc8dcb59bd852f3/jboss-jpa-mcint.jar
831b4000-831b6000 r--s 00007000 08:01 2097259    /home/java01/Desktop/jboss/server/default/tmp/vfs/automount5ccf80245fd42fbe/jboss-ejb3-jndi-deployers.jar-6f1d70fa0c373759/jboss-ejb3-jndi-deployers.jar
831b6000-831b8000 r--s 0000b000 08:01 2097256    /home/java01/Desktop/jboss/server/default/tmp/vfs/automount5ccf80245fd42fbe/logging-service-metadata.jar-1d31952d10b55ca8/logging-service-metadata.jar
831b8000-831b9000 r--s 00005000 08:01 2097253    /home/java01/Desktop/jboss/server/default/tmp/vfs/automount5ccf80245fd42fbe/jboss-remoting-metadata.jar-5f38cfd866486598/jboss-remoting-metadata.jar
831b9000-831bc000 r--s 00017000 08:01 2097248    /home/java01/Desktop/jboss/server/default/tmp/vfs/automount5ccf80245fd42fbe/jboss-jca-deployer.jar-4322dd705528ca31/jboss-jca-deployer.jar
831bc000-832bc000 rw-p 00000000 00:00 0 
832bc000-832bf000 r--s 0000e000 08:01 2886405    /home/java01/Desktop/jboss/common/lib/hibernate-validator-legacy.jar
832bf000-832c1000 r--s 00007000 08:01 2886532    /home/java01/Desktop/jboss/common/lib/dtdparser.jar
832c1000-832c6000 r--s 0004b000 08:01 2886365    /home/java01/Desktop/jboss/common/lib/cxf-rt-ws-security.jar
832c6000-832cb000 r--s 00036000 08:01 2886448    /home/java01/Desktop/jboss/common/lib/cxf-rt-databinding-aegis.jar
832cb000-832cd000 r--s 00001000 08:01 2886415    /home/java01/Desktop/jboss/common/lib/jboss-ejb3-jpa-int.jar
832cd000-832d0000 r--s 00012000 08:01 2886538    /home/java01/Desktop/jboss/common/lib/cxf-rt-ws-addr.jar
832d0000-83302000 r--s 002cf000 08:01 2886367    /home/java01/Desktop/jboss/common/lib/hibernate-core.jar
83302000-83309000 r--s 00067000 08:01 2886375    /home/java01/Desktop/jboss/common/lib/quartz.jar
83309000-8330b000 r--s 00005000 08:01 2886465    /home/java01/Desktop/jboss/common/lib/jboss-as-hibernate-int.jar
8330b000-8330c000 r--s 00001000 08:01 2886484    /home/java01/Desktop/jboss/common/lib/mail-plugin.jar
8330c000-8330e000 r--s 00005000 08:01 2886534    /home/java01/Desktop/jboss/common/lib/jboss-ejb3-nointerface-impl.jar
8330e000-8330f000 r--s 00000000 08:01 2886421    /home/java01/Desktop/jboss/common/lib/jboss-ejb3-effigy-aop-int.jar
8330f000-83310000 r--s 00001000 08:01 2886426    /home/java01/Desktop/jboss/common/lib/jboss-ejb3-sis.jar
83310000-83312000 r--s 00008000 08:01 2886468    /home/java01/Desktop/jboss/common/lib/jbossjts-integration.jar
83312000-83314000 r--s 00000000 08:01 2886321    /home/java01/Desktop/jboss/common/lib/jboss-ejb3-vfs-impl-vfs3.jar
83314000-83316000 r--s 00007000 08:01 2886485    /home/java01/Desktop/jboss/common/lib/neethi.jar
83316000-8332f000 r--s 0010a000 08:01 2886399    /home/java01/Desktop/jboss/common/lib/jboss-remoting.jar
8332f000-83335000 r--s 0004e000 08:01 2886318    /home/java01/Desktop/jboss/common/lib/cxf-rt-frontend-jaxws.jar
83335000-83337000 r--s 00001000 08:01 2886556    /home/java01/Desktop/jboss/common/lib/jboss-ejb3-effigy-int2.jar
83337000-83339000 r--s 00000000 08:01 2886361    /home/java01/Desktop/jboss/common/lib/jboss-ejb3-instantiator-impl.jar
83339000-8333a000 r--s 00007000 08:01 2886525    /home/java01/Desktop/jboss/common/lib/jboss-transaction-aspects.jar
8333a000-8333c000 r--s 00007000 08:01 2886528    /home/java01/Desktop/jboss/common/lib/jmx-adaptor-plugin.jar
8333c000-8333f000 r--s 00010000 08:01 2886496    /home/java01/Desktop/jboss/common/lib/jboss-ha-server-api.jar
8333f000-83340000 r--s 0000a000 08:01 2886372    /home/java01/Desktop/jboss/common/lib/scheduler-plugin.jar
83340000-83341000 r--s 00001000 08:01 2886378    /home/java01/Desktop/jboss/common/lib/jboss-current-invocation-aspects.jar
83341000-83345000 r--s 0003f000 08:01 2886392    /home/java01/Desktop/jboss/common/lib/jboss-metadata-war.jar
83345000-83346000 r--s 00001000 08:01 2886516    /home/java01/Desktop/jboss/common/lib/jboss-ejb3-timeout-spi.jar
83346000-83348000 r--s 00004000 08:01 2886469    /home/java01/Desktop/jboss/common/lib/jboss-ejb3-async-impl.jar
83348000-83349000 r--s 00000000 08:01 2886473    /home/java01/Desktop/jboss/common/lib/jboss-bindingservice.jar
83349000-8334b000 r--s 00005000 08:01 2886419    /home/java01/Desktop/jboss/common/lib/jboss-jacc-api_1.4_spec.jar
8334b000-83352000 r--s 00065000 08:01 2886360    /home/java01/Desktop/jboss/common/lib/mail.jar
83352000-83355000 r--s 00004000 08:01 2886355    /home/java01/Desktop/jboss/common/lib/jboss-switchboard-javaee.jar
83355000-83357000 r--s 00002000 08:01 2886386    /home/java01/Desktop/jboss/common/lib/cxf-xjc-ts.jar
83357000-8335b000 r--s 0001b000 08:01 2886561    /home/java01/Desktop/jboss/common/lib/jbossws-jboss60.jar
8335b000-8335f000 r--s 00028000 08:01 2886339    /home/java01/Desktop/jboss/common/lib/jbossws-common.jar
8335f000-83364000 r--s 00043000 08:01 2886526    /home/java01/Desktop/jboss/common/lib/FastInfoset.jar
83364000-83367000 r--s 00009000 08:01 2886379    /home/java01/Desktop/jboss/common/lib/jboss-jaxws-api_2.2_spec.jar
83367000-8336b000 r--s 00020000 08:01 2886332    /home/java01/Desktop/jboss/common/lib/XmlSchema.jar
8336b000-83375000 r--s 00075000 08:01 2886363    /home/java01/Desktop/jboss/common/lib/bcel.jar
83375000-8337b000 r--s 0001f000 08:01 2886535    /home/java01/Desktop/jboss/common/lib/jbossws-spi.jar
8337b000-8337c000 r--s 00001000 08:01 2886346    /home/java01/Desktop/jboss/common/lib/shrinkwrap-extension-vfs3.jar
8337c000-8337f000 r--s 00004000 08:01 2886523    /home/java01/Desktop/jboss/common/lib/jboss-jaspi-api_1.0_spec.jar
8337f000-83380000 r--s 00003000 08:01 2886492    /home/java01/Desktop/jboss/common/lib/jboss-injection-injector.jar
83380000-83381000 r--s 00001000 08:01 2886447    /home/java01/Desktop/jboss/common/lib/jboss-ejb3-concurrency-aop.jar
83381000-83383000 r--s 00001000 08:01 2886543    /home/java01/Desktop/jboss/common/lib/jboss-ejb3-mc-int.jar
83383000-83386000 r--s 00011000 08:01 2886406    /home/java01/Desktop/jboss/common/lib/jboss-profileservice-plugins.jar
83386000-8338e000 r--s 000a4000 08:01 2886418    /home/java01/Desktop/jboss/common/lib/hsqldb.jar
8338e000-83390000 r--s 00000000 08:01 2886476    /home/java01/Desktop/jboss/common/lib/jboss-jpa-spi.jar
83390000-83392000 r--s 00009000 08:01 2886443    /home/java01/Desktop/jboss/common/lib/jboss-jpa-deployers.jar
83392000-83399000 r--s 00040000 08:01 2886482    /home/java01/Desktop/jboss/common/lib/hibernate-validator.jar
83399000-8339b000 r--s 00002000 08:01 2886499    /home/java01/Desktop/jboss/common/lib/jboss-ejb3-singleton-impl.jar
8339b000-8339e000 r--s 00009000 08:01 2886474    /home/java01/Desktop/jboss/common/lib/jboss-ejb-api_3.1_spec.jar
8339e000-8339f000 r--s 00001000 08:01 2886424    /home/java01/Desktop/jboss/common/lib/managed-beans-impl.jar
8339f000-833a1000 r--s 00004000 08:01 2886322    /home/java01/Desktop/jboss/common/lib/jboss-ejb3-embedded-impl-base.jar
833a1000-833a3000 r--s 00005000 08:01 2886453    /home/java01/Desktop/jboss/common/lib/jboss-ejb3-singleton-deployer.jar
833a3000-833a5000 r--s 00004000 08:01 2886451    /home/java01/Desktop/jboss/common/lib/jboss-ha-server-cache-spi.jar
833a5000-833ab000 r--s 00033000 08:01 2886507    /home/java01/Desktop/jboss/common/lib/jbossha.jar
833ab000-833ac000 r--s 00008000 08:01 2886385    /home/java01/Desktop/jboss/common/lib/asm.jar
833ac000-833b6000 r--s 00069000 08:01 2886512    /home/java01/Desktop/jboss/common/lib/jbossxacml.jar
833b6000-833bd000 r--s 00053000 08:01 2886316    /home/java01/Desktop/jboss/common/lib/jboss-metadata-common.jar
833bd000-833be000 r--s 00002000 08:01 2886537    /home/java01/Desktop/jboss/common/lib/hsqldb-plugin.jar
833be000-833c0000 r--s 00007000 08:01 2886407    /home/java01/Desktop/jboss/common/lib/jboss-switchboard-mc-impl.jar
833c0000-833c2000 r--s 00016000 08:01 2886337    /home/java01/Desktop/jboss/common/lib/cxf-rt-databinding-jaxb.jar
833c2000-833c4000 r--s 00007000 08:01 2886483    /home/java01/Desktop/jboss/common/lib/jboss-connector-api_1.5_spec.jar
833c4000-833c6000 r--s 00001000 08:01 2886494    /home/java01/Desktop/jboss/common/lib/properties-plugin.jar
833c6000-833c7000 r--s 00000000 08:01 2886314    /home/java01/Desktop/jboss/common/lib/jboss-ejb3-embedded-api-shrinkwrap.jar
833c7000-833c9000 r--s 00003000 08:01 2886362    /home/java01/Desktop/jboss/common/lib/jboss-ejb3-ext-api.jar
833c9000-833e7000 r--s 001b3000 08:01 2886560    /home/java01/Desktop/jboss/common/lib/jbossws-native-core.jar
833e7000-833e8000 r--s 00001000 08:01 2886388    /home/java01/Desktop/jboss/common/lib/jboss-resolver-spi.jar
833e8000-833eb000 r--s 00019000 08:01 2886463    /home/java01/Desktop/jboss/common/lib/jboss-threads.jar
833eb000-833ec000 r--s 00001000 08:01 2886371    /home/java01/Desktop/jboss/common/lib/jboss-jpa-vfs3.jar
833ec000-833ee000 r--s 00017000 08:01 2886381    /home/java01/Desktop/jboss/common/lib/jboss-ha-server-core.jar
833ee000-833f0000 r--s 00000000 08:01 2886408    /home/java01/Desktop/jboss/common/lib/proxy-javassist.jar
833f0000-833f4000 r--s 00024000 08:01 2886498    /home/java01/Desktop/jboss/common/lib/cxf-tools-common.jar
833f4000-8340e000 r--s 0013a000 08:01 2886551    /home/java01/Desktop/jboss/common/lib/jbossjts.jar
8340e000-83411000 r--s 00012000 08:01 2886497    /home/java01/Desktop/jboss/common/lib/jboss-as-hornetq-int.jar
83411000-83417000 r--s 00032000 08:01 2886432    /home/java01/Desktop/jboss/common/lib/jboss-marshalling.jar
83417000-83418000 r--s 00003000 08:01 2886319    /home/java01/Desktop/jboss/common/lib/cxf-xjc-dv.jar
83418000-8341a000 r--s 00000000 08:01 2886396    /home/java01/Desktop/jboss/common/lib/ejbref-resolver-spi.jar
8341a000-8341c000 r--s 00009000 08:01 2886343    /home/java01/Desktop/jboss/common/lib/cxf-tools-wsdlto-databinding-jaxb.jar
8341c000-8341e000 r--s 0000a000 08:01 2886409    /home/java01/Desktop/jboss/common/lib/jboss-security-aspects.jar
8341e000-8341f000 r--s 00004000 08:01 2886458    /home/java01/Desktop/jboss/common/lib/hornetq-jboss-as-integration.jar
8341f000-83421000 r--s 00005000 08:01 2886455    /home/java01/Desktop/jboss/common/lib/jboss-mc-int-servlet.jar
83421000-83423000 r--s 00010000 08:01 2886383    /home/java01/Desktop/jboss/common/lib/jboss-jsr88.jar
83423000-83428000 r--s 00035000 08:01 2886393    /home/java01/Desktop/jboss/common/lib/commons-beanutils.jar
83428000-83435000 r--s 0007c000 08:01 2886554    /home/java01/Desktop/jboss/common/lib/commons-collections.jar
83435000-83436000 r--s 00000000 08:01 2886398    /home/java01/Desktop/jboss/common/lib/jboss-ejb3-tx2-spi.jar
83436000-83437000 r--s 00002000 08:01 2886374    /home/java01/Desktop/jboss/common/lib/cxf-xjc-boolean.jar
83437000-83439000 r--s 00012000 08:01 2886464    /home/java01/Desktop/jboss/common/lib/jnpserver.jar
83439000-8343b000 r--s 00003000 08:01 2886439    /home/java01/Desktop/jboss/common/lib/jboss-logmanager-log4j.jar
8343b000-83440000 r--s 0002f000 08:01 2886340    /home/java01/Desktop/jboss/common/lib/cxf-rt-transports-http.jar
83440000-83441000 r--s 00005000 08:01 2886400    /home/java01/Desktop/jboss/common/lib/slf4j-api.jar
83441000-8344c000 r--s 00064000 08:01 2886333    /home/java01/Desktop/jboss/common/lib/xmlsec.jar
8344c000-8344e000 r--s 0000a000 08:01 2886508    /home/java01/Desktop/jboss/common/lib/jboss-metadata-client.jar
8344e000-83450000 r--s 00005000 08:01 2886461    /home/java01/Desktop/jboss/common/lib/jboss-embedded-core.jar
83450000-83451000 r--s 00003000 08:01 2886466    /home/java01/Desktop/jboss/common/lib/jboss-remoting-aspects.jar
83451000-83453000 r--s 0000c000 08:01 2886317    /home/java01/Desktop/jboss/common/lib/jboss-monitoring.jar
83453000-83454000 r--s 00001000 08:01 2886517    /home/java01/Desktop/jboss/common/lib/jboss-ejb3-vfs-spi.jar
83454000-83455000 r--s 00000000 08:01 2886329    /home/java01/Desktop/jboss/common/lib/jboss-ejb3-singleton-spi.jar
83455000-83458000 r--s 00009000 08:01 2886335    /home/java01/Desktop/jboss/common/lib/validation-api.jar
83458000-8345c000 r--s 00025000 08:01 2886436    /home/java01/Desktop/jboss/common/lib/cxf-rt-bindings-soap.jar
8345c000-83460000 r--s 00021000 08:01 2886477    /home/java01/Desktop/jboss/common/lib/wsdl4j.jar
83460000-83461000 r--s 00001000 08:01 2886420    /home/java01/Desktop/jboss/common/lib/hornetq-bootstrap.jar
83461000-83463000 r--s 00000000 08:01 2886434    /home/java01/Desktop/jboss/common/lib/jboss-ejb3-context-naming.jar
83463000-83465000 r--s 00008000 08:01 2886341    /home/java01/Desktop/jboss/common/lib/jboss-ejb3-cache.jar
83465000-83467000 r--s 00007000 08:01 2886547    /home/java01/Desktop/jboss/common/lib/jboss-switchboard-jbmeta-javaee.jar
83467000-8346b000 r--s 0001d000 08:01 2886562    /home/java01/Desktop/jboss/common/lib/jboss-ejb3-interceptors.jar
8346b000-8346d000 r--s 00009000 08:01 2886504    /home/java01/Desktop/jboss/common/lib/jboss-ejb3-ext-api-impl.jar
8346d000-8346e000 r--s 00000000 08:01 2886479    /home/java01/Desktop/jboss/common/lib/jboss-reloaded-naming-spi.jar
8346e000-83470000 r--s 00001000 08:01 2886557    /home/java01/Desktop/jboss/common/lib/jboss-injection-mc-impl.jar
83470000-83471000 r--s 00003000 08:01 2886330    /home/java01/Desktop/jboss/common/lib/managed-beans-metadata-jbmeta.jar
83471000-83474000 r--s 0000f000 08:01 2886356    /home/java01/Desktop/jboss/common/lib/hibernate-commons-annotations.jar
83474000-83476000 r--s 0000b000 08:01 2886351    /home/java01/Desktop/jboss/common/lib/cxf-tools-wsdlto-core.jar
83476000-83478000 r--s 00000000 08:01 2886416    /home/java01/Desktop/jboss/common/lib/jboss-ejb3-timerservice-spi.jar
83478000-8347d000 r--s 0004b000 08:01 2886403    /home/java01/Desktop/jboss/common/lib/wss4j.jar
8347d000-8347f000 r--s 00004000 08:01 2886413    /home/java01/Desktop/jboss/common/lib/jboss-ejb3-deployers.jar
8347f000-83480000 r--s 00000000 08:01 2886387    /home/java01/Desktop/jboss/common/lib/scheduler-plugin-example.jar
83480000-83482000 r--s 00000000 08:01 2886440    /home/java01/Desktop/jboss/common/lib/ejbref-resolver-ejb31-impl.jar
83482000-83485000 r--s 00018000 08:01 2886519    /home/java01/Desktop/jboss/common/lib/jboss-metadata-rar.jar
83485000-83486000 r--s 00002000 08:01 2886402    /home/java01/Desktop/jboss/common/lib/jboss-ejb3-tx2-impl.jar
83486000-83487000 r--s 00000000 08:01 2886369    /home/java01/Desktop/jboss/common/lib/jboss-ejb3-timerservice-extension.jar
83487000-8348a000 r--s 00023000 08:01 2886480    /home/java01/Desktop/jboss/common/lib/cxf-tools-wsdlto-frontend-jaxws.jar
8348a000-8348e000 r--s 00026000 08:01 2886544    /home/java01/Desktop/jboss/common/lib/jboss-management.jar
8348e000-8348f000 r--s 00000000 08:01 2886357    /home/java01/Desktop/jboss/common/lib/proxy-spi.jar
8348f000-83493000 r--s 0001b000 08:01 2886364    /home/java01/Desktop/jboss/common/lib/jboss-as-profileservice.jar
83493000-83494000 r--s 00003000 08:01 2886522    /home/java01/Desktop/jboss/common/lib/jboss-ejb3-metadata.jar
83494000-83498000 r--s 0001e000 08:01 2886487    /home/java01/Desktop/jboss/common/lib/cxf-rt-transports-jms.jar
83498000-8349b000 r--s 00016000 08:01 2886472    /home/java01/Desktop/jboss/common/lib/jboss-negotiation.jar
8349b000-8349d000 r--s 00004000 08:01 2886515    /home/java01/Desktop/jboss/common/lib/weld-api.jar
8349d000-834a1000 r--s 00040000 08:01 2886353    /home/java01/Desktop/jboss/common/lib/serializer.jar
834a1000-834a2000 r--s 00001000 08:01 2886422    /home/java01/Desktop/jboss/common/lib/jboss-ejb3-concurrency-impl.jar
834a2000-834a3000 r--s 00001000 08:01 2886444    /home/java01/Desktop/jboss/common/lib/jboss-interceptor-spi.jar
834a3000-834a5000 r--s 00001000 08:01 2886431    /home/java01/Desktop/jboss/common/lib/jsr181-api.jar
834a5000-834a6000 r--s 00003000 08:01 2886410    /home/java01/Desktop/jboss/common/lib/jboss-ejb3-jndi-binder.jar
834a6000-834a9000 r--s 0000f000 08:01 2886478    /home/java01/Desktop/jboss/common/lib/jboss-servlet-api_3.0_spec.jar
834a9000-834ac000 r--s 0000b000 08:01 2886470    /home/java01/Desktop/jboss/common/lib/cdi-api.jar
834ac000-834ad000 r--s 00001000 08:01 2886548    /home/java01/Desktop/jboss/common/lib/autonumber-plugin.jar
834ad000-834ae000 r--s 00002000 08:01 2886536    /home/java01/Desktop/jboss/common/lib/ejbref-resolver-ejb30-impl.jar
834ae000-834b0000 r--s 00004000 08:01 2886414    /home/java01/Desktop/jboss/common/lib/jboss-ha-client.jar
834b0000-834cc000 r--s 00269000 08:01 2886564    /home/java01/Desktop/jboss/common/lib/xalan.jar
834cc000-834cd000 r--s 00005000 08:01 2886433    /home/java01/Desktop/jboss/common/lib/cxf-rt-bindings-object.jar
834cd000-834d3000 r--s 00042000 08:01 2886417    /home/java01/Desktop/jboss/common/lib/jboss-jca.jar
834d3000-834d5000 r--s 00003000 08:01 2886411    /home/java01/Desktop/jboss/common/lib/jcl-over-slf4j.jar
834d5000-834da000 r--s 00052000 08:01 2886566    /home/java01/Desktop/jboss/common/lib/antlr.jar
834da000-834db000 r--s 00002000 08:01 2886501    /home/java01/Desktop/jboss/common/lib/jaxws-httpserver-httpspi.jar
834db000-834e1000 r--s 00032000 08:01 2886326    /home/java01/Desktop/jboss/common/lib/jaxen.jar
834e1000-834f0000 r--s 000b3000 08:01 2886511    /home/java01/Desktop/jboss/common/lib/netty.jar
834f0000-834f1000 r--s 00001000 08:01 2886506    /home/java01/Desktop/jboss/common/lib/jboss-ejb3-context-spi.jar
834f1000-834f2000 r--s 00001000 08:01 2886490    /home/java01/Desktop/jboss/common/lib/hornetq-logging.jar
834f2000-834f4000 r--s 00001000 08:01 2886481    /home/java01/Desktop/jboss/common/lib/jboss-annotations-api_1.1_spec.jar
834f4000-834f7000 r--s 0000e000 08:01 2886429    /home/java01/Desktop/jboss/common/lib/cxf-rt-management.jar
834f7000-83500000 r--s 00048000 08:01 2886336    /home/java01/Desktop/jboss/common/lib/cxf-api.jar
83500000-835fe000 rw-p 00000000 00:00 0 
835fe000-83600000 ---p 00000000 00:00 0 
83600000-83601000 r--s 00001000 08:01 2887835    /home/java01/Desktop/jboss/server/default/deployers/seam.deployer/jboss-seam-int-microcontainer-6.0.0.GA.jar
83601000-83603000 r--s 00001000 08:01 2886452    /home/java01/Desktop/jboss/common/lib/jboss-resolver-impl.jar
83603000-83605000 r--s 00002000 08:01 2886395    /home/java01/Desktop/jboss/common/lib/jboss-reloaded-naming-impl.jar
83605000-83607000 r--s 00007000 08:01 2886454    /home/java01/Desktop/jboss/common/lib/jboss-el-api_2.2_spec.jar
83607000-83609000 r--s 00001000 08:01 2886489    /home/java01/Desktop/jboss/common/lib/jboss-ejb3-timeout-3.1.jar
83609000-8360b000 r--s 00006000 08:01 2886539    /home/java01/Desktop/jboss/common/lib/jboss-jaxb-intros.jar
8360b000-8360c000 r--s 00006000 08:01 2886376    /home/java01/Desktop/jboss/common/lib/cxf-rt-bindings-coloc.jar
8360c000-8360f000 r--s 00013000 08:01 2886513    /home/java01/Desktop/jboss/common/lib/jboss-ejb3-proxy-impl.jar
8360f000-83610000 r--s 00001000 08:01 2886441    /home/java01/Desktop/jboss/common/lib/jboss-injection-manager.jar
83610000-83611000 r--s 00000000 08:01 2886559    /home/java01/Desktop/jboss/common/lib/jboss-switchboard-mc-spi.jar
83611000-83614000 r--s 0000b000 08:01 2886325    /home/java01/Desktop/jboss/common/lib/jboss-ejb3-common.jar
83614000-83616000 r--s 00012000 08:01 2886541    /home/java01/Desktop/jboss/common/lib/cxf-rt-frontend-simple.jar
83616000-83617000 r--s 00002000 08:01 2886401    /home/java01/Desktop/jboss/common/lib/jboss-ejb3-heks.jar
83617000-83618000 r--s 00000000 08:01 2886423    /home/java01/Desktop/jboss/common/lib/jboss-ejb3-embedded-api.jar
83618000-83619000 r--s 00005000 08:01 2886350    /home/java01/Desktop/jboss/common/lib/cxf-rt-transports-local.jar
83619000-8361b000 r--s 00008000 08:01 2886471    /home/java01/Desktop/jboss/common/lib/cxf-rt-bindings-xml.jar
8361b000-83632000 r--s 0013d000 08:01 2886394    /home/java01/Desktop/jboss/common/lib/hornetq-core.jar
83632000-83635000 r--s 00007000 08:01 2886486    /home/java01/Desktop/jboss/common/lib/picketbox-bare.jar
83635000-83638000 r--s 00005000 08:01 2886563    /home/java01/Desktop/jboss/common/lib/jboss-jms-api_1.1_spec.jar
83638000-8363b000 r--s 00015000 08:01 2886546    /home/java01/Desktop/jboss/common/lib/jbossws-framework.jar
8363b000-83644000 r--s 0006d000 08:01 2886428    /home/java01/Desktop/jboss/common/lib/log4j.jar
83644000-8364a000 r--s 0004b000 08:01 2886550    /home/java01/Desktop/jboss/common/lib/jboss-iiop.jar
8364a000-8364f000 r--s 00037000 08:01 2886334    /home/java01/Desktop/jboss/common/lib/bsh.jar
8364f000-83650000 r--s 00001000 08:01 2886445    /home/java01/Desktop/jboss/common/lib/jboss-switchboard-metadata.jar
83650000-83654000 r--s 0002a000 08:01 2886327    /home/java01/Desktop/jboss/common/lib/cxf-rt-ws-rm.jar
83654000-83656000 r--s 0000a000 08:01 2886344    /home/java01/Desktop/jboss/common/lib/jboss-ejb3-security.jar
83656000-83658000 r--s 00000000 08:01 2886505    /home/java01/Desktop/jboss/common/lib/jboss-switchboard-spi.jar
83658000-8365e000 r--s 00046000 08:01 2886459    /home/java01/Desktop/jboss/common/lib/cxf-common-utilities.jar
8365e000-83660000 r--s 00008000 08:01 2886524    /home/java01/Desktop/jboss/common/lib/ejb31-calendar-expr-parser.jar
83660000-83662000 r--s 0000a000 08:01 2886373    /home/java01/Desktop/jboss/common/lib/jboss-metadata-ear.jar
83662000-83664000 r--s 00008000 08:01 2886520    /home/java01/Desktop/jboss/common/lib/jboss-ejb3-singleton-aop-impl.jar
83664000-83666000 r--s 00003000 08:01 2886530    /home/java01/Desktop/jboss/common/lib/jboss-injection.jar
83666000-83669000 r--s 00014000 08:01 2886510    /home/java01/Desktop/jboss/common/lib/jboss-jaxb-api_2.2_spec.jar
83669000-8366a000 r--s 00002000 08:01 2886427    /home/java01/Desktop/jboss/common/lib/jboss-embedded-api.jar
8366a000-8366c000 r--s 00001000 08:01 2886442    /home/java01/Desktop/jboss/common/lib/jboss-interceptors-api_1.1_spec.jar
8366c000-8366d000 r--s 00001000 08:01 2886389    /home/java01/Desktop/jboss/common/lib/jboss-ejb3-endpoint.jar
8366d000-8366e000 r--s 00001000 08:01 2886435    /home/java01/Desktop/jboss/common/lib/jboss-ejb3-instantiator-deployer.jar
8366e000-83672000 r--s 0001a000 08:01 2886565    /home/java01/Desktop/jboss/common/lib/cxf-tools-java2ws.jar
83672000-83673000 r--s 00000000 08:01 2886500    /home/java01/Desktop/jboss/common/lib/proxy-reflect.jar
83673000-83675000 r--s 00000000 08:01 2886342    /home/java01/Desktop/jboss/common/lib/jboss-ejb3-embedded-spi.jar
83675000-83677000 r--s 00011000 08:01 2886450    /home/java01/Desktop/jboss/common/lib/jboss-marshalling-river.jar
83677000-83679000 r--s 00006000 08:01 2886331    /home/java01/Desktop/jboss/common/lib/jboss-jaxr-api_1.0_spec.jar
83679000-8367b000 r--s 00000000 08:01 2886509    /home/java01/Desktop/jboss/common/lib/jboss-ejb3-effigy-api.jar
8367b000-8367c000 r--s 00000000 08:01 2886359    /home/java01/Desktop/jboss/common/lib/managed-beans-metadata.jar
8367c000-8367d000 r--s 00000000 08:01 2886328    /home/java01/Desktop/jboss/common/lib/shrinkwrap-spi.jar
8367d000-8367f000 r--s 00002000 08:01 2886467    /home/java01/Desktop/jboss/common/lib/scanning-deployers.jar
8367f000-83682000 r--s 00023000 08:01 2886380    /home/java01/Desktop/jboss/common/lib/cxf-rt-ws-policy.jar
83682000-83684000 r--s 00002000 08:01 2886358    /home/java01/Desktop/jboss/common/lib/jboss-ejb3-embedded-sub.jar
83684000-83685000 r--s 00003000 08:01 2886348    /home/java01/Desktop/jboss/common/lib/log4j-snmp-appender.jar
83685000-83687000 r--s 00006000 08:01 2886488    /home/java01/Desktop/jboss/common/lib/jboss-ejb3-transactions.jar
83687000-83689000 r--s 0000b000 08:01 2886390    /home/java01/Desktop/jboss/common/lib/cxf-common-schemas.jar
83689000-8368a000 r--s 00002000 08:01 2886456    /home/java01/Desktop/jboss/common/lib/jbossas-remoting.jar
8368a000-8368c000 r--s 00000000 08:01 2886495    /home/java01/Desktop/jboss/common/lib/jboss-ejb3-singleton-proxy-impl.jar
8368c000-8368d000 r--s 00004000 08:01 2886370    /home/java01/Desktop/jboss/common/lib/jboss-jpa-impl.jar
8368d000-83690000 r--s 0001a000 08:01 2886503    /home/java01/Desktop/jboss/common/lib/bsf.jar
83690000-83692000 r--s 0000a000 08:01 2886425    /home/java01/Desktop/jboss/common/lib/cxf-rt-bindings-http.jar
83692000-83694000 r--s 00000000 08:01 2886460    /home/java01/Desktop/jboss/common/lib/jboss-switchboard-impl.jar
83694000-83698000 r--s 00035000 08:01 2886449    /home/java01/Desktop/jboss/common/lib/hornetq-jms.jar
83698000-8369b000 r--s 0000c000 08:01 2886531    /home/java01/Desktop/jboss/common/lib/jboss-interceptor-core.jar
8369b000-8369d000 r--s 00005000 08:01 2886462    /home/java01/Desktop/jboss/common/lib/managed-beans-mc-int.jar
8369d000-8369e000 r--s 00000000 08:01 2886347    /home/java01/Desktop/jboss/common/lib/jboss-ejb3-proxy-spi.jar
8369e000-836a7000 r--s 00069000 08:01 2886345    /home/java01/Desktop/jboss/common/lib/cxf-rt-core.jar
836a7000-836ac000 r--s 00015000 08:01 2886315    /home/java01/Desktop/jboss/common/lib/hibernate-jpa-2.0-api.jar
836ac000-836ae000 r--s 00005000 08:01 2886397    /home/java01/Desktop/jboss/common/lib/jboss-jad-api_1.2_spec.jar
836ae000-836b0000 r--s 00000000 08:01 2886552    /home/java01/Desktop/jboss/common/lib/jboss-ejb3-embedded-impl-shrinkwrap.jar
836b0000-836b3000 r--s 0001b000 08:01 2886555    /home/java01/Desktop/jboss/common/lib/jboss-common-jdbc-wrapper.jar
836b3000-836b7000 r--s 00015000 08:01 2886366    /home/java01/Desktop/jboss/common/lib/shrinkwrap-impl-base.jar
836b7000-836b9000 r--s 00002000 08:01 2886391    /home/java01/Desktop/jboss/common/lib/slf4j-jboss-logmanager.jar
836b9000-836bc000 r--s 00012000 08:01 2886323    /home/java01/Desktop/jboss/common/lib/joesnmp.jar
836bc000-836be000 r--s 00009000 08:01 2886502    /home/java01/Desktop/jboss/common/lib/jboss-srp.jar
836be000-836bf000 r--s 00001000 08:01 2886521    /home/java01/Desktop/jboss/common/lib/jboss-ejb3-effigy-common.jar
836bf000-836c1000 r--s 00006000 08:01 2886446    /home/java01/Desktop/jboss/common/lib/jboss-jaxrpc-api_1.1_spec.jar
836c1000-836c2000 r--s 00000000 08:01 2886540    /home/java01/Desktop/jboss/common/lib/jboss-ejb3-nointerface-spi.jar
836c2000-836c3000 r--s 00001000 08:01 2886377    /home/java01/Desktop/jboss/common/lib/jboss-injection-switchboard-deployer.jar
836c3000-836c6000 r--s 00009000 08:01 2886384    /home/java01/Desktop/jboss/common/lib/shrinkwrap-api.jar
836c6000-836c7000 r--s 00001000 08:01 2886491    /home/java01/Desktop/jboss/common/lib/jboss-ejb3-instantiator-spi.jar
836c7000-836d1000 r--s 0005f000 08:01 2886553    /home/java01/Desktop/jboss/common/lib/hibernate-entitymanager.jar
836d1000-836d3000 r--s 00003000 08:01 2886475    /home/java01/Desktop/jboss/common/lib/jboss-reloaded-naming-deployers.jar
836d3000-836d8000 r--s 0002f000 08:01 2886549    /home/java01/Desktop/jboss/common/lib/xnio-api.jar
836d8000-836dc000 r--s 0001e000 08:01 2886457    /home/java01/Desktop/jboss/common/lib/jboss-iiop-client.jar
836dc000-836dd000 r--s 00001000 08:01 2886437    /home/java01/Desktop/jboss/common/lib/jboss-ejb3-timerservice-naming.jar
836dd000-836e0000 r--s 0001c000 08:01 2886430    /home/java01/Desktop/jboss/common/lib/jboss-serialization.jar
836e0000-836e1000 r--s 00001000 08:01 2886412    /home/java01/Desktop/jboss/common/lib/jboss-ejb3-async-deployer.jar
836e1000-836ee000 r--s 000ca000 08:01 2886352    /home/java01/Desktop/jboss/common/lib/jboss-metadata-ejb.jar
836ee000-836ef000 r--s 00001000 08:01 2886382    /home/java01/Desktop/jboss/common/lib/managed-beans-proxy-impl.jar
836ef000-836f0000 r--s 00000000 08:01 2886542    /home/java01/Desktop/jboss/common/lib/managed-beans-spi.jar
836f0000-836f1000 r--s 00001000 08:01 2886518    /home/java01/Desktop/jboss/common/lib/jboss-ejb3-metadata-deployers.jar
836f1000-836f3000 r--s 00002000 08:01 2886354    /home/java01/Desktop/jboss/common/lib/jboss-jsr77.jar
836f3000-836f4000 r--s 00005000 08:01 2886438    /home/java01/Desktop/jboss/common/lib/jbosscx-client.jar
836f4000-83700000 r--s 00092000 08:01 2886338    /home/java01/Desktop/jboss/common/lib/jboss-ejb3-core.jar
83700000-83800000 rw-p 00000000 00:00 0 
83800000-83900000 rw-p 00000000 00:00 0 
83900000-83a00000 rw-p 00000000 00:00 0 
83a00000-83b00000 rw-p 00000000 00:00 0 
83b00000-83c00000 rw-p 00000000 00:00 0 
83c00000-83cfe000 rw-p 00000000 00:00 0 
83cfe000-83d00000 ---p 00000000 00:00 0 
83d00000-83e00000 rw-p 00000000 00:00 0 
83e00000-83efa000 rw-p 00000000 00:00 0 
83efa000-83f00000 ---p 00000000 00:00 0 
83f00000-83fe0000 rw-p 00000000 00:00 0 
83fe0000-84000000 ---p 00000000 00:00 0 
84000000-840fb000 rw-p 00000000 00:00 0 
840fb000-84100000 ---p 00000000 00:00 0 
84100000-841fd000 rw-p 00000000 00:00 0 
841fd000-84200000 ---p 00000000 00:00 0 
84200000-84201000 r--s 00001000 08:01 2886558    /home/java01/Desktop/jboss/common/lib/jboss-ejb3-tx2-aop.jar
84201000-84202000 r--s 00002000 08:01 2886324    /home/java01/Desktop/jboss/common/lib/cxf-xjc-bug671.jar
84202000-84205000 r--s 0000a000 08:01 2886514    /home/java01/Desktop/jboss/common/lib/jboss-jsp-api_2.2_spec.jar
84205000-84207000 r--s 00006000 08:01 2886529    /home/java01/Desktop/jboss/common/lib/jboss-integration.jar
84207000-84209000 r--s 00003000 08:01 2886533    /home/java01/Desktop/jboss/common/lib/jboss-ejb3-async-spi.jar
84209000-8420a000 r--s 00003000 08:01 2886545    /home/java01/Desktop/jboss/common/lib/jboss-ejb3-context-base.jar
8420a000-8420c000 r--s 0000f000 08:01 2886404    /home/java01/Desktop/jboss/common/lib/cxf-tools-validator.jar
8420c000-8420f000 r--s 00009000 08:01 2886368    /home/java01/Desktop/jboss/common/lib/jboss-ejb3-proxy-clustered.jar
8420f000-84217000 r--s 00047000 08:01 2886349    /home/java01/Desktop/jboss/common/lib/jboss-remoting-3.jar
84217000-84219000 r--s 00001000 08:01 2886527    /home/java01/Desktop/jboss/common/lib/jboss-ejb3-container-spi.jar
84219000-8421f000 r--s 00075000 08:01 2890031    /home/java01/Desktop/jboss/server/default/lib/postgresql-9.0-801.jdbc3.jar
8421f000-84221000 r--s 00004000 08:01 4602961    /home/java01/Desktop/jboss/server/default/tmp/vfs/automount5ccf80245fd42fbe/jboss-service-binding-mgmt.jar-5a7145e7c7958607/jboss-service-binding-mgmt.jar
84221000-84223000 r--s 0000a000 08:01 4602958    /home/java01/Desktop/jboss/server/default/tmp/vfs/automount5ccf80245fd42fbe/jboss-service-binding-core.jar-a63fb753d9741d7c/jboss-service-binding-core.jar
84223000-84226000 ---p 00000000 00:00 0 
84226000-84274000 rw-p 00000000 00:00 0 
84274000-84282000 r--s 0009a000 08:01 2887050    /home/java01/Desktop/jboss/lib/jbosssx.jar
84282000-84286000 r--s 00012000 08:01 2887013    /home/java01/Desktop/jboss/lib/jboss-security-spi.jar
84286000-8428b000 r--s 00028000 08:01 2887014    /home/java01/Desktop/jboss/lib/jbosssx-server.jar
8428b000-8428f000 r--s 00093000 08:02 2234904    /opt/jdk1.8_java/jre/lib/jsse.jar
8428f000-84292000 r--s 0000e000 08:01 2887008    /home/java01/Desktop/jboss/lib/jboss-profileservice-persistence.jar
84292000-84299000 r--s 0003e000 08:01 2887068    /home/java01/Desktop/jboss/lib/jboss-profileservice-core.jar
84299000-8429b000 r--s 00004000 08:01 2886999    /home/java01/Desktop/jboss/lib/jboss-profileservice-domain.jar
8429b000-8429f000 r--s 0000e000 08:01 2887065    /home/java01/Desktop/jboss/lib/jboss-profileservice-spi.jar
8429f000-842a6000 r--s 0007b000 08:01 2887033    /home/java01/Desktop/jboss/lib/wstx-lgpl.jar
842a6000-842b8000 r--s 000c6000 08:01 2886995    /home/java01/Desktop/jboss/lib/jaxb-impl.jar
842b8000-842bb000 r--s 0000c000 08:01 2887039    /home/java01/Desktop/jboss/lib/scanning-plugins.jar
842bb000-842bd000 r--s 0000c000 08:01 2887066    /home/java01/Desktop/jboss/lib/scanning-impl.jar
842bd000-842bf000 r--s 00003000 08:01 2886989    /home/java01/Desktop/jboss/lib/scanning-spi.jar
842bf000-842c4000 r--s 00020000 08:01 2887001    /home/java01/Desktop/jboss/lib/jboss-deployers-vfs.jar
842c4000-842c8000 r--s 00016000 08:01 2887057    /home/java01/Desktop/jboss/lib/jboss-deployers-vfs-spi.jar
842c8000-842cb000 r--s 0000b000 08:01 2887051    /home/java01/Desktop/jboss/lib/jboss-deployers-spi.jar
842cb000-842ce000 r--s 0000c000 08:01 2887016    /home/java01/Desktop/jboss/lib/jboss-deployers-structure-spi.jar
842ce000-842d0000 r--s 00000000 08:01 2887006    /home/java01/Desktop/jboss/lib/jboss-deployers-client.jar
842d0000-842d2000 r--s 00003000 08:01 2887002    /home/java01/Desktop/jboss/lib/jboss-deployers-client-spi.jar
842d2000-842d3000 r--s 00003000 08:01 2887053    /home/java01/Desktop/jboss/lib/jboss-deployers-core.jar
842d3000-842d5000 r--s 00004000 08:01 2887021    /home/java01/Desktop/jboss/lib/jboss-deployers-core-spi.jar
842d5000-842e4000 r-xp 00000000 08:02 2235056    /opt/jdk1.8_java/jre/lib/i386/libnio.so
842e4000-842e5000 rw-p 0000e000 08:02 2235056    /opt/jdk1.8_java/jre/lib/i386/libnio.so
842e5000-842ed000 r-xp 00000000 08:02 2235053    /opt/jdk1.8_java/jre/lib/i386/libmanagement.so
842ed000-842ee000 rw-p 00007000 08:02 2235053    /opt/jdk1.8_java/jre/lib/i386/libmanagement.so
842ee000-842f3000 r--s 00048000 08:01 2887003    /home/java01/Desktop/jboss/lib/dom4j.jar
842f3000-842f5000 r--s 00007000 08:01 2887037    /home/java01/Desktop/jboss/lib/jboss-deployers-jmx.jar
842f5000-842f8000 r--s 0001f000 08:01 2887007    /home/java01/Desktop/jboss/lib/jboss-jmx-mc-int.jar
842f8000-842fa000 r--s 0000e000 08:01 2887035    /home/java01/Desktop/jboss/lib/jboss-system-jmx.jar
842fa000-84300000 r--s 00039000 08:01 2887024    /home/java01/Desktop/jboss/lib/jboss-system.jar
84300000-84400000 rw-p 00000000 00:00 0 
84400000-844fc000 rw-p 00000000 00:00 0 
844fc000-84500000 ---p 00000000 00:00 0 
84500000-84600000 rw-p 00000000 00:00 0 
84600000-84700000 rw-p 00000000 00:00 0 
84700000-847f9000 rw-p 00000000 00:00 0 
847f9000-84800000 ---p 00000000 00:00 0 
84800000-84900000 rw-p 00000000 00:00 0 
84900000-84a00000 rw-p 00000000 00:00 0 
84a00000-84b00000 rw-p 00000000 00:00 0 
84b00000-84bff000 rw-p 00000000 00:00 0 
84bff000-84c00000 ---p 00000000 00:00 0 
84c00000-84c01000 r--s 00002000 08:01 2886320    /home/java01/Desktop/jboss/common/lib/jboss-transaction-api_1.1_spec.jar
84c01000-84c04000 r--s 0001c000 08:01 2887027    /home/java01/Desktop/jboss/lib/jboss-jmx.jar
84c04000-84c06000 r--s 00004000 08:01 2887041    /home/java01/Desktop/jboss/lib/jboss-mbeanserver.jar
84c06000-84c0a000 r--s 00032000 08:01 2887038    /home/java01/Desktop/jboss/lib/jboss-mbeans.jar
84c0a000-84c0b000 r--s 00001000 08:01 2887043    /home/java01/Desktop/jboss/lib/jboss-jmx-annotations.jar
84c0b000-84c0d000 r--s 0000a000 08:01 2887034    /home/java01/Desktop/jboss/lib/jboss-j2se.jar
84c0d000-84c11000 r--s 0001a000 08:01 2886988    /home/java01/Desktop/jboss/lib/jboss-deployers-impl.jar
84c11000-84c12000 r--s 00000000 08:01 2887000    /home/java01/Desktop/jboss/lib/jboss-aop-jboss5.jar
84c12000-84c14000 r--s 00005000 08:01 2887022    /home/java01/Desktop/jboss/lib/jboss-aop-deployers.jar
84c14000-84c16000 r--s 00006000 08:01 2886994    /home/java01/Desktop/jboss/lib/jboss-aop-asintegration-mc.jar
84c16000-84c18000 r--s 00004000 08:01 2886996    /home/java01/Desktop/jboss/lib/jboss-aop-asintegration-core.jar
84c18000-84c37000 r--s 001af000 08:01 2886493    /home/java01/Desktop/jboss/common/lib/jboss.jar
84c37000-84c58000 r--p 00000000 08:03 1710010    /usr/share/locale-langpack/pt_BR/LC_MESSAGES/libc.mo
84c58000-84c5b000 ---p 00000000 00:00 0 
84c5b000-84ca9000 rw-p 00000000 00:00 0 
84ca9000-84cb3000 r--s 00116000 08:02 2234998    /opt/jdk1.8_java/jre/lib/ext/localedata.jar
84cb3000-84cb5000 r--s 00001000 08:01 2886990    /home/java01/Desktop/jboss/lib/jboss-bootstrap-api-mc.jar
84cb5000-84cbd000 r--s 00051000 08:01 2887028    /home/java01/Desktop/jboss/lib/trove.jar
84cbd000-84cd4000 r--s 00134000 08:01 2887056    /home/java01/Desktop/jboss/lib/jboss-aop.jar
84cd4000-84d09000 r--s 00000000 08:03 1055622    /var/cache/nscd/hosts
84d09000-84d0c000 ---p 00000000 00:00 0 
84d0c000-84d5a000 rw-p 00000000 00:00 0 
84d5a000-84d5b000 ---p 00000000 00:00 0 
84d5b000-84ddb000 rw-p 00000000 00:00 0 
84ddb000-84dde000 ---p 00000000 00:00 0 
84dde000-84e5c000 rw-p 00000000 00:00 0 
84e5c000-84e5f000 ---p 00000000 00:00 0 
84e5f000-84edd000 rw-p 00000000 00:00 0 
84edd000-850dd000 r--p 00000000 08:03 923961     /usr/lib/locale/locale-archive
850dd000-850e0000 ---p 00000000 00:00 0 
850e0000-8512e000 rw-p 00000000 00:00 0 
8512e000-85131000 ---p 00000000 00:00 0 
85131000-8517f000 rw-p 00000000 00:00 0 
8517f000-85180000 ---p 00000000 00:00 0 
85180000-85200000 rw-p 00000000 00:00 0 
85200000-85300000 rw-p 00000000 00:00 0 
85300000-85307000 r--s 00000000 08:03 1049752    /usr/lib/i386-linux-gnu/gconv/gconv-modules.cache
85307000-85309000 r--s 00006000 08:01 2887005    /home/java01/Desktop/jboss/lib/jboss-classloading-vfs.jar
85309000-8530b000 r--s 0000b000 08:01 2886997    /home/java01/Desktop/jboss/lib/jboss-classpool-jbosscl.jar
8530b000-8530d000 r--s 00003000 08:01 2887052    /home/java01/Desktop/jboss/lib/jboss-bootstrap-impl-mc.jar
8530d000-85311000 r--s 0001d000 08:01 2887045    /home/java01/Desktop/jboss/lib/jboss-classloading.jar
85311000-85312000 r--s 00000000 08:01 2887031    /home/java01/Desktop/jboss/lib/javax.inject.jar
85312000-85314000 r--s 00008000 08:01 2887049    /home/java01/Desktop/jboss/lib/jboss-bootstrap-impl-as.jar
85314000-8532b000 r--s 00119000 08:01 2887004    /home/java01/Desktop/jboss/lib/xercesImpl.jar
8532b000-85334000 r--s 00096000 08:01 2886992    /home/java01/Desktop/jboss/lib/javassist.jar
85334000-85383000 rw-p 00000000 00:00 0 
85383000-85559000 r--s 03caa000 08:02 2234914    /opt/jdk1.8_java/jre/lib/rt.jar
85559000-859fa000 rw-p 00000000 00:00 0 
859fa000-85a00000 ---p 00000000 00:00 0 
85a00000-86c00000 rw-p 00000000 00:00 0 
86c00000-86cfd000 rw-p 00000000 00:00 0 
86cfd000-86d00000 ---p 00000000 00:00 0 
86d00000-86d02000 r--s 00003000 08:01 2887026    /home/java01/Desktop/jboss/lib/jboss-stdio.jar
86d02000-86d03000 r--s 00001000 08:01 2887055    /home/java01/Desktop/jboss/lib/jboss-classloading-spi.jar
86d03000-86d04000 r--s 00002000 08:01 2887017    /home/java01/Desktop/jboss/lib/jboss-classpool-scoped.jar
86d04000-86d08000 r--s 0001c000 08:01 2887030    /home/java01/Desktop/jboss/lib/jboss-managed.jar
86d08000-86d0c000 r--s 00023000 08:01 2887019    /home/java01/Desktop/jboss/lib/jboss-classloader.jar
86d0c000-86d1a000 r--s 0008a000 08:01 2887015    /home/java01/Desktop/jboss/lib/jboss-reflect.jar
86d1a000-86d1d000 r--s 0000d000 08:01 2887011    /home/java01/Desktop/jboss/lib/jboss-classpool.jar
86d1d000-86d2e000 r--s 00095000 08:01 2887029    /home/java01/Desktop/jboss/lib/jboss-kernel.jar
86d2e000-86d31000 ---p 00000000 00:00 0 
86d31000-86d7f000 rw-p 00000000 00:00 0 
86d7f000-86d80000 ---p 00000000 00:00 0 
86d80000-86e00000 rw-p 00000000 00:00 0 
86e00000-86e26000 rw-p 00000000 00:00 0 
86e26000-86f00000 ---p 00000000 00:00 0 
86f00000-86f02000 r--s 00000000 08:01 2887010    /home/java01/Desktop/jboss/lib/jboss-bootstrap-spi.jar
86f02000-86f04000 r--s 00001000 08:01 2887046    /home/java01/Desktop/jboss/lib/jboss-bootstrap-spi-as.jar
86f04000-86f08000 r--s 00024000 08:01 2887054    /home/java01/Desktop/jboss/lib/jboss-aop-mc-int.jar
86f08000-86f09000 r--s 00007000 08:01 2887020    /home/java01/Desktop/jboss/lib/jboss-bootstrap-impl-base.jar
86f09000-86f0a000 r--s 00000000 08:01 2887044    /home/java01/Desktop/jboss/lib/jboss-bootstrap-spi-mc.jar
86f0a000-86f16000 r--s 0007c000 08:01 2887042    /home/java01/Desktop/jboss/lib/jboss-common-core.jar
86f16000-86f1a000 r--s 0001f000 08:01 2886993    /home/java01/Desktop/jboss/lib/jboss-metatype.jar
86f1a000-86f1f000 r--s 00029000 08:01 2886998    /home/java01/Desktop/jboss/lib/jboss-logmanager.jar
86f1f000-86f22000 r--s 00018000 08:01 2887032    /home/java01/Desktop/jboss/lib/jboss-vfs.jar
86f22000-86f24000 r--s 00003000 08:01 2886991    /home/java01/Desktop/jboss/lib/jboss-bootstrap-api.jar
86f24000-86f28000 r--s 0001e000 08:01 2887040    /home/java01/Desktop/jboss/lib/jboss-dependency.jar
86f28000-86f2e000 r--s 0002a000 08:01 2887023    /home/java01/Desktop/jboss/lib/jboss-mdr.jar
86f2e000-86f31000 ---p 00000000 00:00 0 
86f31000-86f7f000 rw-p 00000000 00:00 0 
86f7f000-86f80000 ---p 00000000 00:00 0 
86f80000-8d340000 rw-p 00000000 00:00 0 
8d340000-9c580000 ---p 00000000 00:00 0 
9c580000-a7000000 rw-p 00000000 00:00 0 
a7000000-a7002000 r--s 0000b000 08:01 2887048    /home/java01/Desktop/jboss/lib/jboss-logging.jar
a7002000-a7003000 r--s 00002000 08:01 2887036    /home/java01/Desktop/jboss/lib/jboss-bootstrap-api-as.jar
a7003000-a700e000 r--s 00086000 08:01 2887018    /home/java01/Desktop/jboss/lib/jbossxb.jar
a700e000-a7015000 r--s 00038000 08:01 2887009    /home/java01/Desktop/jboss/lib/concurrent.jar
a7015000-a702a000 r-xp 00000000 08:02 2235055    /opt/jdk1.8_java/jre/lib/i386/libnet.so
a702a000-a702b000 rw-p 00014000 08:02 2235055    /opt/jdk1.8_java/jre/lib/i386/libnet.so
a702b000-a702c000 r--s 00003000 08:01 2886899    /home/java01/Desktop/jboss/client/getopt.jar
a702c000-a702f000 r--s 00011000 08:01 2886286    /home/java01/Desktop/jboss/bin/run.jar
a702f000-a7031000 r--s 00005000 08:01 2887060    /home/java01/Desktop/jboss/lib/endorsed/stax-api.jar
a7031000-a7034000 r--s 00009000 08:01 2887061    /home/java01/Desktop/jboss/lib/endorsed/jboss-jaxws-api_2.2_spec.jar
a7034000-a7035000 r--s 00000000 08:01 2887062    /home/java01/Desktop/jboss/lib/endorsed/jbossws-cxf-factories.jar
a7035000-a7037000 r--s 0000e000 08:01 2887059    /home/java01/Desktop/jboss/lib/endorsed/activation.jar
a7037000-a7039000 r--s 00001000 08:01 2887063    /home/java01/Desktop/jboss/lib/endorsed/jboss-annotations-api_1.1_spec.jar
a7039000-a7077000 rw-p 00000000 00:00 0 
a7077000-a70f0000 ---p 00000000 00:00 0 
a70f0000-a7122000 rw-p 00000000 00:00 0 
a7122000-a719a000 ---p 00000000 00:00 0 
a719a000-a71f0000 rw-p 00000000 00:00 0 
a71f0000-a7225000 rw-p 00000000 00:00 0 
a7225000-a75b1000 ---p 00000000 00:00 0 
a75b1000-a82a1000 rwxp 00000000 00:00 0 
a82a1000-b65b1000 ---p 00000000 00:00 0 
b65b1000-b65ca000 r-xp 00000000 08:02 2235069    /opt/jdk1.8_java/jre/lib/i386/libzip.so
b65ca000-b65cb000 rw-p 00018000 08:02 2235069    /opt/jdk1.8_java/jre/lib/i386/libzip.so
b65cb000-b6600000 r--s 00000000 08:03 1048961    /var/cache/nscd/passwd
b6600000-b66f8000 rw-p 00000000 00:00 0 
b66f8000-b6700000 ---p 00000000 00:00 0 
b6700000-b6703000 r--s 00014000 08:01 2887064    /home/java01/Desktop/jboss/lib/endorsed/jboss-jaxb-api_2.2_spec.jar
b6703000-b6727000 r-xp 00000000 08:02 2235034    /opt/jdk1.8_java/jre/lib/i386/libjava.so
b6727000-b6728000 rw-p 00023000 08:02 2235034    /opt/jdk1.8_java/jre/lib/i386/libjava.so
b6728000-b672f000 r-xp 00000000 08:03 787445     /lib/i386-linux-gnu/librt-2.15.so
b672f000-b6730000 r--p 00006000 08:03 787445     /lib/i386-linux-gnu/librt-2.15.so
b6730000-b6731000 rw-p 00007000 08:03 787445     /lib/i386-linux-gnu/librt-2.15.so
b6731000-b6734000 ---p 00000000 00:00 0 
b6734000-b6782000 rw-p 00000000 00:00 0 
b6782000-b67ac000 r-xp 00000000 08:03 787391     /lib/i386-linux-gnu/libm-2.15.so
b67ac000-b67ad000 r--p 00029000 08:03 787391     /lib/i386-linux-gnu/libm-2.15.so
b67ad000-b67ae000 rw-p 0002a000 08:03 787391     /lib/i386-linux-gnu/libm-2.15.so
b67ae000-b70ea000 r-xp 00000000 08:02 2235074    /opt/jdk1.8_java/jre/lib/i386/server/libjvm.so
b70ea000-b7156000 rw-p 0093b000 08:02 2235074    /opt/jdk1.8_java/jre/lib/i386/server/libjvm.so
b7156000-b757b000 rw-p 00000000 00:00 0 
b757b000-b771a000 r-xp 00000000 08:03 787359     /lib/i386-linux-gnu/libc-2.15.so
b771a000-b771c000 r--p 0019f000 08:03 787359     /lib/i386-linux-gnu/libc-2.15.so
b771c000-b771d000 rw-p 001a1000 08:03 787359     /lib/i386-linux-gnu/libc-2.15.so
b771d000-b7720000 rw-p 00000000 00:00 0 
b7720000-b7723000 r-xp 00000000 08:03 787372     /lib/i386-linux-gnu/libdl-2.15.so
b7723000-b7724000 r--p 00002000 08:03 787372     /lib/i386-linux-gnu/libdl-2.15.so
b7724000-b7725000 rw-p 00003000 08:03 787372     /lib/i386-linux-gnu/libdl-2.15.so
b7725000-b7726000 rw-p 00000000 00:00 0 
b7726000-b773a000 r-xp 00000000 08:02 2235151    /opt/jdk1.8_java/lib/i386/jli/libjli.so
b773a000-b773b000 rw-p 00013000 08:02 2235151    /opt/jdk1.8_java/lib/i386/jli/libjli.so
b773b000-b7752000 r-xp 00000000 08:03 787439     /lib/i386-linux-gnu/libpthread-2.15.so
b7752000-b7753000 r--p 00016000 08:03 787439     /lib/i386-linux-gnu/libpthread-2.15.so
b7753000-b7754000 rw-p 00017000 08:03 787439     /lib/i386-linux-gnu/libpthread-2.15.so
b7754000-b7756000 rw-p 00000000 00:00 0 
b7756000-b775e000 rw-s 00000000 08:03 5505123    /tmp/hsperfdata_java01/19147
b775e000-b775f000 rw-p 00000000 00:00 0 
b775f000-b7760000 ---p 00000000 00:00 0 
b7760000-b776b000 r-xp 00000000 08:02 2235068    /opt/jdk1.8_java/jre/lib/i386/libverify.so
b776b000-b776c000 rw-p 0000b000 08:02 2235068    /opt/jdk1.8_java/jre/lib/i386/libverify.so
b776c000-b776e000 rw-p 00000000 00:00 0 
b776e000-b776f000 r-xp 00000000 00:00 0          [vdso]
b776f000-b778f000 r-xp 00000000 08:03 787339     /lib/i386-linux-gnu/ld-2.15.so
b778f000-b7790000 r--p 0001f000 08:03 787339     /lib/i386-linux-gnu/ld-2.15.so
b7790000-b7791000 rw-p 00020000 08:03 787339     /lib/i386-linux-gnu/ld-2.15.so
bfabf000-bfac0000 rwxp 00000000 00:00 0 
bfaf2000-bfb13000 rw-p 00000000 00:00 0          [stack]

VM Arguments:
jvm_args: -Xms128m -Xmx512m -XX:MaxPermSize=256m -Dorg.jboss.resolver.warning=true -Dsun.rmi.dgc.client.gcInterval=3600000 -Dsun.rmi.dgc.server.gcInterval=3600000 -Djava.net.preferIPv4Stack=true -Dprogram.name=run.sh -Dlogging.configuration=file:./logging.properties -Djava.library.path=/home/java01/Desktop/jboss/bin/native/lib -Djava.endorsed.dirs=/home/java01/Desktop/jboss/lib/endorsed 
java_command: org.jboss.Main
java_class_path (initial): /home/java01/Desktop/jboss/bin/run.jar
Launcher Type: SUN_STANDARD

Environment Variables:
PATH=/opt/jdk1.8_java/bin/:/home/java01/Desktop/apache-tomcat-6/bin:/opt/jdk1.8_java/bin:/opt/maven-3.0.5/bin:/usr/lib/lightdm/lightdm:/usr/local/sbin:/usr/local/bin:/usr/sbin:/usr/bin:/sbin:/bin:/usr/games
LD_LIBRARY_PATH=/home/java01/Desktop/jboss/bin/native/lib
SHELL=/bin/bash
DISPLAY=:0.0

Signal Handlers:
SIGSEGV: [libjvm.so+0x8943c0], sa_mask[0]=11111111011111111101111111111110, sa_flags=SA_RESTART|SA_SIGINFO
SIGBUS: [libjvm.so+0x8943c0], sa_mask[0]=11111111011111111101111111111110, sa_flags=SA_RESTART|SA_SIGINFO
SIGFPE: [libjvm.so+0x71de00], sa_mask[0]=11111111011111111101111111111110, sa_flags=SA_RESTART|SA_SIGINFO
SIGPIPE: [libjvm.so+0x71de00], sa_mask[0]=11111111011111111101111111111110, sa_flags=SA_RESTART|SA_SIGINFO
SIGXFSZ: [libjvm.so+0x71de00], sa_mask[0]=11111111011111111101111111111110, sa_flags=SA_RESTART|SA_SIGINFO
SIGILL: [libjvm.so+0x71de00], sa_mask[0]=11111111011111111101111111111110, sa_flags=SA_RESTART|SA_SIGINFO
SIGUSR1: SIG_DFL, sa_mask[0]=00000000000000000000000000000000, sa_flags=none
SIGUSR2: [libjvm.so+0x71f5b0], sa_mask[0]=00000000000000000000000000000000, sa_flags=SA_RESTART|SA_SIGINFO
SIGHUP: [libjvm.so+0x720ab0], sa_mask[0]=11111111011111111101111111111110, sa_flags=SA_RESTART|SA_SIGINFO
SIGINT: [libjvm.so+0x720ab0], sa_mask[0]=11111111011111111101111111111110, sa_flags=SA_RESTART|SA_SIGINFO
SIGTERM: [libjvm.so+0x720ab0], sa_mask[0]=11111111011111111101111111111110, sa_flags=SA_RESTART|SA_SIGINFO
SIGQUIT: [libjvm.so+0x720ab0], sa_mask[0]=11111111011111111101111111111110, sa_flags=SA_RESTART|SA_SIGINFO


---------------  S Y S T E M  ---------------

OS:DISTRIB_ID=Ubuntu
DISTRIB_RELEASE=12.04
DISTRIB_CODENAME=precise
DISTRIB_DESCRIPTION="Ubuntu 12.04 LTS"

uname:Linux 3.2.0-23-generic-pae #36-Ubuntu SMP Tue Apr 10 22:19:09 UTC 2012 i686
libc:glibc 2.15 NPTL 2.15 
rlimit: STACK 8192k, CORE 0k, NPROC 31107, NOFILE 4096, AS infinity
load average:1,85 1,10 0,94

/proc/meminfo:
MemTotal:        3996300 kB
MemFree:          734184 kB
Buffers:          188096 kB
Cached:          1129332 kB
SwapCached:         2056 kB
Active:          2079880 kB
Inactive:         996472 kB
Active(anon):    1449952 kB
Inactive(anon):   361020 kB
Active(file):     629928 kB
Inactive(file):   635452 kB
Unevictable:          16 kB
Mlocked:              16 kB
HighTotal:       3149384 kB
HighFree:         304452 kB
LowTotal:         846916 kB
LowFree:          429732 kB
SwapTotal:       3905532 kB
SwapFree:        3890780 kB
Dirty:             11872 kB
Writeback:             0 kB
AnonPages:       1757096 kB
Mapped:           207868 kB
Shmem:             52048 kB
Slab:             108452 kB
SReclaimable:      90880 kB
SUnreclaim:        17572 kB
KernelStack:        4040 kB
PageTables:        16112 kB
NFS_Unstable:          0 kB
Bounce:                0 kB
WritebackTmp:          0 kB
CommitLimit:     5903680 kB
Committed_AS:    6440364 kB
VmallocTotal:     122880 kB
VmallocUsed:       15516 kB
VmallocChunk:     102656 kB
HardwareCorrupted:     0 kB
AnonHugePages:         0 kB
HugePages_Total:       0
HugePages_Free:        0
HugePages_Rsvd:        0
HugePages_Surp:        0
Hugepagesize:       2048 kB
DirectMap4k:       10232 kB
DirectMap2M:      903168 kB


CPU:total 2 (2 cores per cpu, 1 threads per core) family 16 model 6 stepping 2, cmov, cx8, fxsr, mmx, sse, sse2, sse3, popcnt, mmxext, 3dnowpref, lzcnt, sse4a, tsc, tscinvbit, tscinv

/proc/cpuinfo:
processor	: 0
vendor_id	: AuthenticAMD
cpu family	: 16
model		: 6
model name	: AMD Athlon(tm) II X2 245 Processor
stepping	: 2
microcode	: 0x100009f
cpu MHz		: 2900.000
cache size	: 1024 KB
physical id	: 0
siblings	: 2
core id		: 0
cpu cores	: 2
apicid		: 0
initial apicid	: 0
fdiv_bug	: no
hlt_bug		: no
f00f_bug	: no
coma_bug	: no
fpu		: yes
fpu_exception	: yes
cpuid level	: 5
wp		: yes
flags		: fpu vme de pse tsc msr pae mce cx8 apic sep mtrr pge mca cmov pat pse36 clflush mmx fxsr sse sse2 ht syscall nx mmxext fxsr_opt pdpe1gb rdtscp lm 3dnowext 3dnow constant_tsc nonstop_tsc extd_apicid pni monitor cx16 popcnt lahf_lm cmp_legacy svm extapic cr8_legacy abm sse4a misalignsse 3dnowprefetch osvw ibs skinit wdt npt lbrv svm_lock nrip_save
bogomips	: 5800.21
clflush size	: 64
cache_alignment	: 64
address sizes	: 48 bits physical, 48 bits virtual
power management: ts ttp tm stc 100mhzsteps hwpstate

processor	: 1
vendor_id	: AuthenticAMD
cpu family	: 16
model		: 6
model name	: AMD Athlon(tm) II X2 245 Processor
stepping	: 2
microcode	: 0x100009f
cpu MHz		: 2900.000
cache size	: 1024 KB
physical id	: 0
siblings	: 2
core id		: 1
cpu cores	: 2
apicid		: 1
initial apicid	: 1
fdiv_bug	: no
hlt_bug		: no
f00f_bug	: no
coma_bug	: no
fpu		: yes
fpu_exception	: yes
cpuid level	: 5
wp		: yes
flags		: fpu vme de pse tsc msr pae mce cx8 apic sep mtrr pge mca cmov pat pse36 clflush mmx fxsr sse sse2 ht syscall nx mmxext fxsr_opt pdpe1gb rdtscp lm 3dnowext 3dnow constant_tsc nonstop_tsc extd_apicid pni monitor cx16 popcnt lahf_lm cmp_legacy svm extapic cr8_legacy abm sse4a misalignsse 3dnowprefetch osvw ibs skinit wdt npt lbrv svm_lock nrip_save
bogomips	: 5800.23
clflush size	: 64
cache_alignment	: 64
address sizes	: 48 bits physical, 48 bits virtual
power management: ts ttp tm stc 100mhzsteps hwpstate



Memory: 4k page, physical 3996300k(734184k free), swap 3905532k(3890780k free)

vm_info: Java HotSpot(TM) Server VM (25.25-b02) for linux-x86 JRE (1.8.0_25-b17), built on Sep 17 2014 16:16:24 by "java_re" with gcc 4.3.0 20080428 (Red Hat 4.3.0-8)

time: Sat Mar 11 17:25:19 2017
elapsed time: 14 seconds (0d 0h 0m 14s)

